SF:/home/runner/work/ottr/ottr/build/_deps/googletest-src/googletest/include/gtest/gtest-assertion-result.h
FN:174,_ZNK7testing15AssertionResultcvbEv
FN:191,_ZN7testing15AssertionResultlsIA11_cEERS0_RKT_
FN:206,_ZN7testing15AssertionResult13AppendMessageERKNS_7MessageE
FN:191,_ZN7testing15AssertionResultlsINS_14TestPartResultEEERS0_RKT_
FN:191,_ZN7testing15AssertionResultlsIA14_cEERS0_RKT_
FN:187,_ZNK7testing15AssertionResult15failure_messageEv
FN:183,_ZNK7testing15AssertionResult7messageEv
FN:161,_ZN7testing15AssertionResultC2IbEERKT_PNSt9enable_ifIXntsr3std14is_convertibleIS2_S0_EE5valueEvE4typeE
FN:191,_ZN7testing15AssertionResultlsINSt7__cxx1112basic_stringIcSt11char_traitsIcESaIcEEEEERS0_RKT_
FN:191,_ZN7testing15AssertionResultlsINS_7MessageEEERS0_RKT_
FN:191,_ZN7testing15AssertionResultlsIA2_cEERS0_RKT_
FN:191,_ZN7testing15AssertionResultlsIA3_cEERS0_RKT_
FN:191,_ZN7testing15AssertionResultlsIA24_cEERS0_RKT_
FN:191,_ZN7testing15AssertionResultlsIPKcEERS0_RKT_
FN:191,_ZN7testing15AssertionResultlsIA6_cEERS0_RKT_
FN:191,_ZN7testing15AssertionResultlsIA5_cEERS0_RKT_
FN:191,_ZN7testing15AssertionResultlsIdEERS0_RKT_
FN:191,_ZN7testing15AssertionResultlsIA9_cEERS0_RKT_
FN:191,_ZN7testing15AssertionResultlsIA15_cEERS0_RKT_
FN:191,_ZN7testing15AssertionResultlsIA27_cEERS0_RKT_
FN:191,_ZN7testing15AssertionResultlsIA100_cEERS0_RKT_
FN:191,_ZN7testing15AssertionResultlsIA106_cEERS0_RKT_
FN:191,_ZN7testing15AssertionResultlsIA17_cEERS0_RKT_
FN:191,_ZN7testing15AssertionResultlsIA7_cEERS0_RKT_
FN:191,_ZN7testing15AssertionResultlsIA12_cEERS0_RKT_
FN:191,_ZN7testing15AssertionResultlsIA13_cEERS0_RKT_
FN:191,_ZN7testing15AssertionResultlsIA29_cEERS0_RKT_
FN:191,_ZN7testing15AssertionResultlsIA16_cEERS0_RKT_
FN:191,_ZN7testing15AssertionResultlsIPKwEERS0_RKT_
FN:191,_ZN7testing15AssertionResultlsINSt7__cxx1112basic_stringIwSt11char_traitsIwESaIwEEEEERS0_RKT_
FN:168,_ZN7testing15AssertionResultaSES0_
FN:199,_ZN7testing15AssertionResultlsEPFRSoS1_E
FNDA:61,_ZNK7testing15AssertionResultcvbEv
FNDA:0,_ZN7testing15AssertionResultlsIA11_cEERS0_RKT_
FNDA:0,_ZN7testing15AssertionResult13AppendMessageERKNS_7MessageE
FNDA:0,_ZN7testing15AssertionResultlsINS_14TestPartResultEEERS0_RKT_
FNDA:0,_ZN7testing15AssertionResultlsIA14_cEERS0_RKT_
FNDA:0,_ZNK7testing15AssertionResult15failure_messageEv
FNDA:0,_ZNK7testing15AssertionResult7messageEv
FNDA:61,_ZN7testing15AssertionResultC2IbEERKT_PNSt9enable_ifIXntsr3std14is_convertibleIS2_S0_EE5valueEvE4typeE
FNDA:0,_ZN7testing15AssertionResultlsINSt7__cxx1112basic_stringIcSt11char_traitsIcESaIcEEEEERS0_RKT_
FNDA:0,_ZN7testing15AssertionResultlsINS_7MessageEEERS0_RKT_
FNDA:0,_ZN7testing15AssertionResultlsIA2_cEERS0_RKT_
FNDA:0,_ZN7testing15AssertionResultlsIA3_cEERS0_RKT_
FNDA:0,_ZN7testing15AssertionResultlsIA24_cEERS0_RKT_
FNDA:0,_ZN7testing15AssertionResultlsIPKcEERS0_RKT_
FNDA:0,_ZN7testing15AssertionResultlsIA6_cEERS0_RKT_
FNDA:0,_ZN7testing15AssertionResultlsIA5_cEERS0_RKT_
FNDA:0,_ZN7testing15AssertionResultlsIdEERS0_RKT_
FNDA:0,_ZN7testing15AssertionResultlsIA9_cEERS0_RKT_
FNDA:0,_ZN7testing15AssertionResultlsIA15_cEERS0_RKT_
FNDA:0,_ZN7testing15AssertionResultlsIA27_cEERS0_RKT_
FNDA:0,_ZN7testing15AssertionResultlsIA100_cEERS0_RKT_
FNDA:0,_ZN7testing15AssertionResultlsIA106_cEERS0_RKT_
FNDA:0,_ZN7testing15AssertionResultlsIA17_cEERS0_RKT_
FNDA:0,_ZN7testing15AssertionResultlsIA7_cEERS0_RKT_
FNDA:0,_ZN7testing15AssertionResultlsIA12_cEERS0_RKT_
FNDA:0,_ZN7testing15AssertionResultlsIA13_cEERS0_RKT_
FNDA:0,_ZN7testing15AssertionResultlsIA29_cEERS0_RKT_
FNDA:0,_ZN7testing15AssertionResultlsIA16_cEERS0_RKT_
FNDA:0,_ZN7testing15AssertionResultlsIPKwEERS0_RKT_
FNDA:0,_ZN7testing15AssertionResultlsINSt7__cxx1112basic_stringIwSt11char_traitsIwESaIwEEEEERS0_RKT_
FNDA:0,_ZN7testing15AssertionResultaSES0_
FNDA:0,_ZN7testing15AssertionResultlsEPFRSoS1_E
FNF:8
FNH:2
DA:161,61
DA:168,0
DA:169,0
DA:170,0
DA:171,0
DA:174,61
DA:183,0
DA:184,0
DA:185,0
DA:187,0
DA:191,0
DA:192,0
DA:193,0
DA:194,0
DA:199,0
DA:200,0
DA:201,0
DA:202,0
DA:206,0
DA:207,0
DA:208,0
DA:209,0
BRDA:184,0,0,-
BRDA:184,0,1,-
BRDA:207,0,0,-
BRDA:207,0,1,-
BRF:4
BRH:0
LF:22
LH:2
end_of_record
SF:/home/runner/work/ottr/ottr/build/_deps/googletest-src/googletest/include/gtest/gtest-matchers.h
FN:300,_ZN7testing8internal11MatcherBaseIRKNSt7__cxx1112basic_stringIcSt11char_traitsIcESaIcEEEEC2EOSA_
FN:116,_ZN7testing25MatcherDescriberInterfaceD2Ev
FN:131,_ZNK7testing25MatcherDescriberInterface18DescribeNegationToEPSo
FN:304,_ZN7testing8internal11MatcherBaseIRKNSt7__cxx1112basic_stringIcSt11char_traitsIcESaIcEEEEaSEOSA_
FN:389,_ZN7testing8internal11MatcherBaseIRKNSt7__cxx1112basic_stringIcSt11char_traitsIcESaIcEEEE7DestroyEv
FN:327,_ZNK7testing8internal11MatcherBaseIRKNSt7__cxx1112basic_stringIcSt11char_traitsIcESaIcEEEE8IsSharedEv
FN:209,_ZN7testing8internal17SharedPayloadBase5UnrefEv
FN:304,_ZN7testing8internal11MatcherBaseINSt7__cxx1112basic_stringIcSt11char_traitsIcESaIcEEEEaSEOS8_
FN:389,_ZN7testing8internal11MatcherBaseINSt7__cxx1112basic_stringIcSt11char_traitsIcESaIcEEEE7DestroyEv
FN:327,_ZNK7testing8internal11MatcherBaseINSt7__cxx1112basic_stringIcSt11char_traitsIcESaIcEEEE8IsSharedEv
FN:304,_ZN7testing8internal11MatcherBaseIRKSt17basic_string_viewIcSt11char_traitsIcEEEaSEOS8_
FN:389,_ZN7testing8internal11MatcherBaseIRKSt17basic_string_viewIcSt11char_traitsIcEEE7DestroyEv
FN:327,_ZNK7testing8internal11MatcherBaseIRKSt17basic_string_viewIcSt11char_traitsIcEEE8IsSharedEv
FN:304,_ZN7testing8internal11MatcherBaseISt17basic_string_viewIcSt11char_traitsIcEEEaSEOS6_
FN:389,_ZN7testing8internal11MatcherBaseISt17basic_string_viewIcSt11char_traitsIcEEE7DestroyEv
FN:327,_ZNK7testing8internal11MatcherBaseISt17basic_string_viewIcSt11char_traitsIcEEE8IsSharedEv
FN:313,_ZN7testing8internal11MatcherBaseIRKNSt7__cxx1112basic_stringIcSt11char_traitsIcESaIcEEEED2Ev
FN:313,_ZN7testing8internal11MatcherBaseINSt7__cxx1112basic_stringIcSt11char_traitsIcESaIcEEEED2Ev
FN:313,_ZN7testing8internal11MatcherBaseIRKSt17basic_string_viewIcSt11char_traitsIcEEED2Ev
FN:313,_ZN7testing8internal11MatcherBaseISt17basic_string_viewIcSt11char_traitsIcEEED2Ev
FN:238,_ZNK7testing8internal11MatcherBaseIRKNSt7__cxx1112basic_stringIcSt11char_traitsIcESaIcEEEE7MatchesES9_
FN:185,_ZN7testing8internal24DummyMatchResultListenerC2Ev
FN:83,_ZN7testing19MatchResultListenerC2EPSo
FN:232,_ZNK7testing8internal11MatcherBaseIRKNSt7__cxx1112basic_stringIcSt11char_traitsIcESaIcEEEE15MatchAndExplainES9_PNS_19MatchResultListenerE
FN:110,_ZN7testing19MatchResultListenerD2Ev
FN:244,_ZNK7testing8internal11MatcherBaseIRKNSt7__cxx1112basic_stringIcSt11char_traitsIcESaIcEEEE10DescribeToEPSo
FN:270,_ZN7testing8internal11MatcherBaseIRKNSt7__cxx1112basic_stringIcSt11char_traitsIcESaIcEEEEC2Ev
FN:862,_ZN7testing2EqINSt7__cxx1112basic_stringIcSt11char_traitsIcESaIcEEEEENS_8internal9EqMatcherIT_EES9_
FN:728,_ZN7testing8internal9EqMatcherINSt7__cxx1112basic_stringIcSt11char_traitsIcESaIcEEEEC2ERKS7_
FN:694,_ZN7testing8internal14ComparisonBaseINS0_9EqMatcherINSt7__cxx1112basic_stringIcSt11char_traitsIcESaIcEEEEES8_St8equal_toIvEEC2ERKS8_
FN:505,_ZN7testing7MatcherIRKNSt7__cxx1112basic_stringIcSt11char_traitsIcESaIcEEEEC2INS_8internal9EqMatcherIS6_EEvEEOT_
FN:281,_ZN7testing8internal11MatcherBaseIRKNSt7__cxx1112basic_stringIcSt11char_traitsIcESaIcEEEEC2INS0_9EqMatcherIS7_EEvEEOT_
FN:445,_ZN7testing8internal11MatcherBaseIRKNSt7__cxx1112basic_stringIcSt11char_traitsIcESaIcEEEE4InitINS0_9EqMatcherIS7_EEEEvOT_
FN:373,_ZN7testing8internal11MatcherBaseIRKNSt7__cxx1112basic_stringIcSt11char_traitsIcESaIcEEEE9GetVTableINSA_11ValuePolicyINS0_9EqMatcherIS7_EELb0EEEEEPKNSA_6VTableEv
FN:335,_ZN7testing8internal11MatcherBaseIRKNSt7__cxx1112basic_stringIcSt11char_traitsIcESaIcEEEE19MatchAndExplainImplINSA_11ValuePolicyINS0_9EqMatcherIS7_EELb0EEEEEDTcldtclsrT_3Getfp_E15MatchAndExplainfp0_clptfp1_6streamEEERKSA_S9_PNS_19MatchResultListenerE
FN:420,_ZN7testing8internal11MatcherBaseIRKNSt7__cxx1112basic_stringIcSt11char_traitsIcESaIcEEEE11ValuePolicyINS0_9EqMatcherIS7_EELb0EE3GetERKSA_
FN:699,_ZNK7testing8internal14ComparisonBaseINS0_9EqMatcherINSt7__cxx1112basic_stringIcSt11char_traitsIcESaIcEEEEES8_St8equal_toIvEE15MatchAndExplainIS8_EEbRKT_PSo
FN:713,_ZN7testing8internal14ComparisonBaseINS0_9EqMatcherINSt7__cxx1112basic_stringIcSt11char_traitsIcESaIcEEEEES8_St8equal_toIvEE6UnwrapIS8_EERKT_SG_
FN:95,_ZN7testing19MatchResultListener6streamEv
FN:348,_ZN7testing8internal11MatcherBaseIRKNSt7__cxx1112basic_stringIcSt11char_traitsIcESaIcEEEE12DescribeImplINSA_11ValuePolicyINS0_9EqMatcherIS7_EELb0EEEEEvRKSA_PSob
FN:706,_ZNK7testing8internal14ComparisonBaseINS0_9EqMatcherINSt7__cxx1112basic_stringIcSt11char_traitsIcESaIcEEEEES8_St8equal_toIvEE18DescribeNegationToEPSo
FN:730,_ZN7testing8internal9EqMatcherINSt7__cxx1112basic_stringIcSt11char_traitsIcESaIcEEEE11NegatedDescEv
FN:702,_ZNK7testing8internal14ComparisonBaseINS0_9EqMatcherINSt7__cxx1112basic_stringIcSt11char_traitsIcESaIcEEEEES8_St8equal_toIvEE10DescribeToEPSo
FN:729,_ZN7testing8internal9EqMatcherINSt7__cxx1112basic_stringIcSt11char_traitsIcESaIcEEEE4DescEv
FN:358,_ZN7testing8internal11MatcherBaseIRKNSt7__cxx1112basic_stringIcSt11char_traitsIcESaIcEEEE16GetDescriberImplINSA_11ValuePolicyINS0_9EqMatcherIS7_EELb0EEEEEPKNS_25MatcherDescriberInterfaceERKSA_
FN:217,_ZN7testing8internal13SharedPayloadINS0_9EqMatcherINSt7__cxx1112basic_stringIcSt11char_traitsIcESaIcEEEEEE7DestroyEPNS0_17SharedPayloadBaseE
FN:424,_ZN7testing8internal11MatcherBaseIRKNSt7__cxx1112basic_stringIcSt11char_traitsIcESaIcEEEE11ValuePolicyINS0_9EqMatcherIS7_EELb0EE4InitISD_EEvRSA_OT_
FN:215,_ZN7testing8internal13SharedPayloadINS0_9EqMatcherINSt7__cxx1112basic_stringIcSt11char_traitsIcESaIcEEEEEEC2EOS9_
FN:270,_ZN7testing8internal11MatcherBaseINSt7__cxx1112basic_stringIcSt11char_traitsIcESaIcEEEEC2Ev
FN:529,_ZN7testing7MatcherINSt7__cxx1112basic_stringIcSt11char_traitsIcESaIcEEEEC2INS_8internal9EqMatcherIS6_EEvEEOT_
FN:281,_ZN7testing8internal11MatcherBaseINSt7__cxx1112basic_stringIcSt11char_traitsIcESaIcEEEEC2INS0_9EqMatcherIS7_EEvEEOT_
FN:445,_ZN7testing8internal11MatcherBaseINSt7__cxx1112basic_stringIcSt11char_traitsIcESaIcEEEE4InitINS0_9EqMatcherIS7_EEEEvOT_
FN:373,_ZN7testing8internal11MatcherBaseINSt7__cxx1112basic_stringIcSt11char_traitsIcESaIcEEEE9GetVTableINS8_11ValuePolicyINS0_9EqMatcherIS7_EELb0EEEEEPKNS8_6VTableEv
FN:335,_ZN7testing8internal11MatcherBaseINSt7__cxx1112basic_stringIcSt11char_traitsIcESaIcEEEE19MatchAndExplainImplINS8_11ValuePolicyINS0_9EqMatcherIS7_EELb0EEEEEDTcldtclsrT_3Getfp_E15MatchAndExplainfp0_clptfp1_6streamEEERKS8_RKS7_PNS_19MatchResultListenerE
FN:420,_ZN7testing8internal11MatcherBaseINSt7__cxx1112basic_stringIcSt11char_traitsIcESaIcEEEE11ValuePolicyINS0_9EqMatcherIS7_EELb0EE3GetERKS8_
FN:348,_ZN7testing8internal11MatcherBaseINSt7__cxx1112basic_stringIcSt11char_traitsIcESaIcEEEE12DescribeImplINS8_11ValuePolicyINS0_9EqMatcherIS7_EELb0EEEEEvRKS8_PSob
FN:358,_ZN7testing8internal11MatcherBaseINSt7__cxx1112basic_stringIcSt11char_traitsIcESaIcEEEE16GetDescriberImplINS8_11ValuePolicyINS0_9EqMatcherIS7_EELb0EEEEEPKNS_25MatcherDescriberInterfaceERKS8_
FN:424,_ZN7testing8internal11MatcherBaseINSt7__cxx1112basic_stringIcSt11char_traitsIcESaIcEEEE11ValuePolicyINS0_9EqMatcherIS7_EELb0EE4InitISB_EEvRS8_OT_
FN:270,_ZN7testing8internal11MatcherBaseIRKSt17basic_string_viewIcSt11char_traitsIcEEEC2Ev
FN:555,_ZN7testing7MatcherIRKSt17basic_string_viewIcSt11char_traitsIcEEEC2INS_8internal9EqMatcherINSt7__cxx1112basic_stringIcS3_SaIcEEEEEvEEOT_
FN:281,_ZN7testing8internal11MatcherBaseIRKSt17basic_string_viewIcSt11char_traitsIcEEEC2INS0_9EqMatcherINSt7__cxx1112basic_stringIcS4_SaIcEEEEEvEEOT_
FN:445,_ZN7testing8internal11MatcherBaseIRKSt17basic_string_viewIcSt11char_traitsIcEEE4InitINS0_9EqMatcherINSt7__cxx1112basic_stringIcS4_SaIcEEEEEEEvOT_
FN:373,_ZN7testing8internal11MatcherBaseIRKSt17basic_string_viewIcSt11char_traitsIcEEE9GetVTableINS8_11ValuePolicyINS0_9EqMatcherINSt7__cxx1112basic_stringIcS4_SaIcEEEEELb0EEEEEPKNS8_6VTableEv
FN:335,_ZN7testing8internal11MatcherBaseIRKSt17basic_string_viewIcSt11char_traitsIcEEE19MatchAndExplainImplINS8_11ValuePolicyINS0_9EqMatcherINSt7__cxx1112basic_stringIcS4_SaIcEEEEELb0EEEEEDTcldtclsrT_3Getfp_E15MatchAndExplainfp0_clptfp1_6streamEEERKS8_S7_PNS_19MatchResultListenerE
FN:420,_ZN7testing8internal11MatcherBaseIRKSt17basic_string_viewIcSt11char_traitsIcEEE11ValuePolicyINS0_9EqMatcherINSt7__cxx1112basic_stringIcS4_SaIcEEEEELb0EE3GetERKS8_
FN:699,_ZNK7testing8internal14ComparisonBaseINS0_9EqMatcherINSt7__cxx1112basic_stringIcSt11char_traitsIcESaIcEEEEES8_St8equal_toIvEE15MatchAndExplainISt17basic_string_viewIcS6_EEEbRKT_PSo
FN:348,_ZN7testing8internal11MatcherBaseIRKSt17basic_string_viewIcSt11char_traitsIcEEE12DescribeImplINS8_11ValuePolicyINS0_9EqMatcherINSt7__cxx1112basic_stringIcS4_SaIcEEEEELb0EEEEEvRKS8_PSob
FN:358,_ZN7testing8internal11MatcherBaseIRKSt17basic_string_viewIcSt11char_traitsIcEEE16GetDescriberImplINS8_11ValuePolicyINS0_9EqMatcherINSt7__cxx1112basic_stringIcS4_SaIcEEEEELb0EEEEEPKNS_25MatcherDescriberInterfaceERKS8_
FN:424,_ZN7testing8internal11MatcherBaseIRKSt17basic_string_viewIcSt11char_traitsIcEEE11ValuePolicyINS0_9EqMatcherINSt7__cxx1112basic_stringIcS4_SaIcEEEEELb0EE4InitISF_EEvRS8_OT_
FN:270,_ZN7testing8internal11MatcherBaseISt17basic_string_viewIcSt11char_traitsIcEEEC2Ev
FN:583,_ZN7testing7MatcherISt17basic_string_viewIcSt11char_traitsIcEEEC2INS_8internal9EqMatcherINSt7__cxx1112basic_stringIcS3_SaIcEEEEEvEEOT_
FN:281,_ZN7testing8internal11MatcherBaseISt17basic_string_viewIcSt11char_traitsIcEEEC2INS0_9EqMatcherINSt7__cxx1112basic_stringIcS4_SaIcEEEEEvEEOT_
FN:445,_ZN7testing8internal11MatcherBaseISt17basic_string_viewIcSt11char_traitsIcEEE4InitINS0_9EqMatcherINSt7__cxx1112basic_stringIcS4_SaIcEEEEEEEvOT_
FN:373,_ZN7testing8internal11MatcherBaseISt17basic_string_viewIcSt11char_traitsIcEEE9GetVTableINS6_11ValuePolicyINS0_9EqMatcherINSt7__cxx1112basic_stringIcS4_SaIcEEEEELb0EEEEEPKNS6_6VTableEv
FN:335,_ZN7testing8internal11MatcherBaseISt17basic_string_viewIcSt11char_traitsIcEEE19MatchAndExplainImplINS6_11ValuePolicyINS0_9EqMatcherINSt7__cxx1112basic_stringIcS4_SaIcEEEEELb0EEEEEDTcldtclsrT_3Getfp_E15MatchAndExplainfp0_clptfp1_6streamEEERKS6_RKS5_PNS_19MatchResultListenerE
FN:420,_ZN7testing8internal11MatcherBaseISt17basic_string_viewIcSt11char_traitsIcEEE11ValuePolicyINS0_9EqMatcherINSt7__cxx1112basic_stringIcS4_SaIcEEEEELb0EE3GetERKS6_
FN:348,_ZN7testing8internal11MatcherBaseISt17basic_string_viewIcSt11char_traitsIcEEE12DescribeImplINS6_11ValuePolicyINS0_9EqMatcherINSt7__cxx1112basic_stringIcS4_SaIcEEEEELb0EEEEEvRKS6_PSob
FN:358,_ZN7testing8internal11MatcherBaseISt17basic_string_viewIcSt11char_traitsIcEEE16GetDescriberImplINS6_11ValuePolicyINS0_9EqMatcherINSt7__cxx1112basic_stringIcS4_SaIcEEEEELb0EEEEEPKNS_25MatcherDescriberInterfaceERKS6_
FN:424,_ZN7testing8internal11MatcherBaseISt17basic_string_viewIcSt11char_traitsIcEEE11ValuePolicyINS0_9EqMatcherINSt7__cxx1112basic_stringIcS4_SaIcEEEEELb0EE4InitISD_EEvRS6_OT_
FN:250,_ZNK7testing8internal11MatcherBaseIRKNSt7__cxx1112basic_stringIcSt11char_traitsIcESaIcEEEE18DescribeNegationToEPSo
FN:244,_ZNK7testing8internal11MatcherBaseINSt7__cxx1112basic_stringIcSt11char_traitsIcESaIcEEEE10DescribeToEPSo
FN:250,_ZNK7testing8internal11MatcherBaseINSt7__cxx1112basic_stringIcSt11char_traitsIcESaIcEEEE18DescribeNegationToEPSo
FN:244,_ZNK7testing8internal11MatcherBaseIRKSt17basic_string_viewIcSt11char_traitsIcEEE10DescribeToEPSo
FN:250,_ZNK7testing8internal11MatcherBaseIRKSt17basic_string_viewIcSt11char_traitsIcEEE18DescribeNegationToEPSo
FN:244,_ZNK7testing8internal11MatcherBaseISt17basic_string_viewIcSt11char_traitsIcEEE10DescribeToEPSo
FN:250,_ZNK7testing8internal11MatcherBaseISt17basic_string_viewIcSt11char_traitsIcEEE18DescribeNegationToEPSo
FN:101,_ZNK7testing19MatchResultListener12IsInterestedEv
FN:198,_ZN7testing8internal25StreamMatchResultListenerC2EPSo
FN:208,_ZN7testing8internal17SharedPayloadBase3RefEv
FN:500,_ZN7testing7MatcherIRKNSt7__cxx1112basic_stringIcSt11char_traitsIcESaIcEEEEC2EPKNS_16MatcherInterfaceIS8_EE
FN:522,_ZN7testing7MatcherINSt7__cxx1112basic_stringIcSt11char_traitsIcESaIcEEEEC2EPKNS_16MatcherInterfaceIRKS6_EE
FN:524,_ZN7testing7MatcherINSt7__cxx1112basic_stringIcSt11char_traitsIcESaIcEEEEC2EPKNS_16MatcherInterfaceIS6_EE
FN:550,_ZN7testing7MatcherIRKSt17basic_string_viewIcSt11char_traitsIcEEEC2EPKNS_16MatcherInterfaceIS6_EE
FN:576,_ZN7testing7MatcherISt17basic_string_viewIcSt11char_traitsIcEEEC2EPKNS_16MatcherInterfaceIRKS4_EE
FN:578,_ZN7testing7MatcherISt17basic_string_viewIcSt11char_traitsIcEEEC2EPKNS_16MatcherInterfaceIS4_EE
FN:786,_ZN7testing8internal19MatchesRegexMatcherC2EPKNS0_2REEb
FN:790,_ZNK7testing8internal19MatchesRegexMatcher15MatchAndExplainERKSt17basic_string_viewIcSt11char_traitsIcEEPNS_19MatchResultListenerE
FN:817,_ZNK7testing8internal19MatchesRegexMatcher10DescribeToEPSo
FN:822,_ZNK7testing8internal19MatchesRegexMatcher18DescribeNegationToEPSo
FN:837,_ZN7testing12MatchesRegexEPKNS_8internal2REE
FN:849,_ZN7testing13ContainsRegexEPKNS_8internal2REE
FN:396,_ZN7testing8internal11MatcherBaseIRKNSt7__cxx1112basic_stringIcSt11char_traitsIcESaIcEEEE9IsInlinedIPKNS_16MatcherInterfaceIS9_EEEEbv
FN:445,_ZN7testing8internal11MatcherBaseIRKNSt7__cxx1112basic_stringIcSt11char_traitsIcESaIcEEEE4InitIRPKNS_16MatcherInterfaceIS9_EEEEvOT_
FN:373,_ZN7testing8internal11MatcherBaseIRKNSt7__cxx1112basic_stringIcSt11char_traitsIcESaIcEEEE9GetVTableINSA_11ValuePolicyIPKNS_16MatcherInterfaceIS9_EELb1EEEEEPKNSA_6VTableEv
FN:342,_ZN7testing8internal11MatcherBaseIRKNSt7__cxx1112basic_stringIcSt11char_traitsIcESaIcEEEE19MatchAndExplainImplINSA_11ValuePolicyIPKNS_16MatcherInterfaceIS9_EELb1EEEEEDTcldtclsrT_3Getfp_E15MatchAndExplainfp0_fp1_EERKSA_S9_PNS_19MatchResultListenerE
FN:434,_ZN7testing8internal11MatcherBaseIRKNSt7__cxx1112basic_stringIcSt11char_traitsIcESaIcEEEE11ValuePolicyIPKNS_16MatcherInterfaceIS9_EELb1EE3GetERKSA_
FN:348,_ZN7testing8internal11MatcherBaseIRKNSt7__cxx1112basic_stringIcSt11char_traitsIcESaIcEEEE12DescribeImplINSA_11ValuePolicyIPKNS_16MatcherInterfaceIS9_EELb1EEEEEvRKSA_PSob
FN:358,_ZN7testing8internal11MatcherBaseIRKNSt7__cxx1112basic_stringIcSt11char_traitsIcESaIcEEEE16GetDescriberImplINSA_11ValuePolicyIPKNS_16MatcherInterfaceIS9_EELb1EEEEEPKNS_25MatcherDescriberInterfaceERKSA_
FN:217,_ZN7testing8internal13SharedPayloadISt10unique_ptrIKNS_16MatcherInterfaceIRKNSt7__cxx1112basic_stringIcSt11char_traitsIcESaIcEEEEESt14default_deleteISD_EEE7DestroyEPNS0_17SharedPayloadBaseE
FN:437,_ZN7testing8internal11MatcherBaseIRKNSt7__cxx1112basic_stringIcSt11char_traitsIcESaIcEEEE11ValuePolicyIPKNS_16MatcherInterfaceIS9_EELb1EE4InitERSA_SF_
FN:396,_ZN7testing8internal11MatcherBaseINSt7__cxx1112basic_stringIcSt11char_traitsIcESaIcEEEE9IsInlinedIPKNS_16MatcherInterfaceIRKS7_EEEEbv
FN:445,_ZN7testing8internal11MatcherBaseINSt7__cxx1112basic_stringIcSt11char_traitsIcESaIcEEEE4InitIRPKNS_16MatcherInterfaceIRKS7_EEEEvOT_
FN:373,_ZN7testing8internal11MatcherBaseINSt7__cxx1112basic_stringIcSt11char_traitsIcESaIcEEEE9GetVTableINS8_11ValuePolicyIPKNS_16MatcherInterfaceIRKS7_EELb1EEEEEPKNS8_6VTableEv
FN:342,_ZN7testing8internal11MatcherBaseINSt7__cxx1112basic_stringIcSt11char_traitsIcESaIcEEEE19MatchAndExplainImplINS8_11ValuePolicyIPKNS_16MatcherInterfaceIRKS7_EELb1EEEEEDTcldtclsrT_3Getfp_E15MatchAndExplainfp0_fp1_EERKS8_SD_PNS_19MatchResultListenerE
FN:434,_ZN7testing8internal11MatcherBaseINSt7__cxx1112basic_stringIcSt11char_traitsIcESaIcEEEE11ValuePolicyIPKNS_16MatcherInterfaceIRKS7_EELb1EE3GetERKS8_
FN:348,_ZN7testing8internal11MatcherBaseINSt7__cxx1112basic_stringIcSt11char_traitsIcESaIcEEEE12DescribeImplINS8_11ValuePolicyIPKNS_16MatcherInterfaceIRKS7_EELb1EEEEEvRKS8_PSob
FN:358,_ZN7testing8internal11MatcherBaseINSt7__cxx1112basic_stringIcSt11char_traitsIcESaIcEEEE16GetDescriberImplINS8_11ValuePolicyIPKNS_16MatcherInterfaceIRKS7_EELb1EEEEEPKNS_25MatcherDescriberInterfaceERKS8_
FN:437,_ZN7testing8internal11MatcherBaseINSt7__cxx1112basic_stringIcSt11char_traitsIcESaIcEEEE11ValuePolicyIPKNS_16MatcherInterfaceIRKS7_EELb1EE4InitERS8_SF_
FN:396,_ZN7testing8internal11MatcherBaseINSt7__cxx1112basic_stringIcSt11char_traitsIcESaIcEEEE9IsInlinedIPKNS_16MatcherInterfaceIS7_EEEEbv
FN:445,_ZN7testing8internal11MatcherBaseINSt7__cxx1112basic_stringIcSt11char_traitsIcESaIcEEEE4InitIRPKNS_16MatcherInterfaceIS7_EEEEvOT_
FN:373,_ZN7testing8internal11MatcherBaseINSt7__cxx1112basic_stringIcSt11char_traitsIcESaIcEEEE9GetVTableINS8_11ValuePolicyIPKNS_16MatcherInterfaceIS7_EELb1EEEEEPKNS8_6VTableEv
FN:342,_ZN7testing8internal11MatcherBaseINSt7__cxx1112basic_stringIcSt11char_traitsIcESaIcEEEE19MatchAndExplainImplINS8_11ValuePolicyIPKNS_16MatcherInterfaceIS7_EELb1EEEEEDTcldtclsrT_3Getfp_E15MatchAndExplainfp0_fp1_EERKS8_RKS7_PNS_19MatchResultListenerE
FN:434,_ZN7testing8internal11MatcherBaseINSt7__cxx1112basic_stringIcSt11char_traitsIcESaIcEEEE11ValuePolicyIPKNS_16MatcherInterfaceIS7_EELb1EE3GetERKS8_
FN:348,_ZN7testing8internal11MatcherBaseINSt7__cxx1112basic_stringIcSt11char_traitsIcESaIcEEEE12DescribeImplINS8_11ValuePolicyIPKNS_16MatcherInterfaceIS7_EELb1EEEEEvRKS8_PSob
FN:358,_ZN7testing8internal11MatcherBaseINSt7__cxx1112basic_stringIcSt11char_traitsIcESaIcEEEE16GetDescriberImplINS8_11ValuePolicyIPKNS_16MatcherInterfaceIS7_EELb1EEEEEPKNS_25MatcherDescriberInterfaceERKS8_
FN:217,_ZN7testing8internal13SharedPayloadISt10unique_ptrIKNS_16MatcherInterfaceINSt7__cxx1112basic_stringIcSt11char_traitsIcESaIcEEEEESt14default_deleteISB_EEE7DestroyEPNS0_17SharedPayloadBaseE
FN:437,_ZN7testing8internal11MatcherBaseINSt7__cxx1112basic_stringIcSt11char_traitsIcESaIcEEEE11ValuePolicyIPKNS_16MatcherInterfaceIS7_EELb1EE4InitERS8_SD_
FN:396,_ZN7testing8internal11MatcherBaseIRKSt17basic_string_viewIcSt11char_traitsIcEEE9IsInlinedIPKNS_16MatcherInterfaceIS7_EEEEbv
FN:445,_ZN7testing8internal11MatcherBaseIRKSt17basic_string_viewIcSt11char_traitsIcEEE4InitIRPKNS_16MatcherInterfaceIS7_EEEEvOT_
FN:373,_ZN7testing8internal11MatcherBaseIRKSt17basic_string_viewIcSt11char_traitsIcEEE9GetVTableINS8_11ValuePolicyIPKNS_16MatcherInterfaceIS7_EELb1EEEEEPKNS8_6VTableEv
FN:342,_ZN7testing8internal11MatcherBaseIRKSt17basic_string_viewIcSt11char_traitsIcEEE19MatchAndExplainImplINS8_11ValuePolicyIPKNS_16MatcherInterfaceIS7_EELb1EEEEEDTcldtclsrT_3Getfp_E15MatchAndExplainfp0_fp1_EERKS8_S7_PNS_19MatchResultListenerE
FN:434,_ZN7testing8internal11MatcherBaseIRKSt17basic_string_viewIcSt11char_traitsIcEEE11ValuePolicyIPKNS_16MatcherInterfaceIS7_EELb1EE3GetERKS8_
FN:348,_ZN7testing8internal11MatcherBaseIRKSt17basic_string_viewIcSt11char_traitsIcEEE12DescribeImplINS8_11ValuePolicyIPKNS_16MatcherInterfaceIS7_EELb1EEEEEvRKS8_PSob
FN:358,_ZN7testing8internal11MatcherBaseIRKSt17basic_string_viewIcSt11char_traitsIcEEE16GetDescriberImplINS8_11ValuePolicyIPKNS_16MatcherInterfaceIS7_EELb1EEEEEPKNS_25MatcherDescriberInterfaceERKS8_
FN:217,_ZN7testing8internal13SharedPayloadISt10unique_ptrIKNS_16MatcherInterfaceIRKSt17basic_string_viewIcSt11char_traitsIcEEEESt14default_deleteISB_EEE7DestroyEPNS0_17SharedPayloadBaseE
FN:437,_ZN7testing8internal11MatcherBaseIRKSt17basic_string_viewIcSt11char_traitsIcEEE11ValuePolicyIPKNS_16MatcherInterfaceIS7_EELb1EE4InitERS8_SD_
FN:396,_ZN7testing8internal11MatcherBaseISt17basic_string_viewIcSt11char_traitsIcEEE9IsInlinedIPKNS_16MatcherInterfaceIRKS5_EEEEbv
FN:445,_ZN7testing8internal11MatcherBaseISt17basic_string_viewIcSt11char_traitsIcEEE4InitIRPKNS_16MatcherInterfaceIRKS5_EEEEvOT_
FN:373,_ZN7testing8internal11MatcherBaseISt17basic_string_viewIcSt11char_traitsIcEEE9GetVTableINS6_11ValuePolicyIPKNS_16MatcherInterfaceIRKS5_EELb1EEEEEPKNS6_6VTableEv
FN:342,_ZN7testing8internal11MatcherBaseISt17basic_string_viewIcSt11char_traitsIcEEE19MatchAndExplainImplINS6_11ValuePolicyIPKNS_16MatcherInterfaceIRKS5_EELb1EEEEEDTcldtclsrT_3Getfp_E15MatchAndExplainfp0_fp1_EERKS6_SB_PNS_19MatchResultListenerE
FN:434,_ZN7testing8internal11MatcherBaseISt17basic_string_viewIcSt11char_traitsIcEEE11ValuePolicyIPKNS_16MatcherInterfaceIRKS5_EELb1EE3GetERKS6_
FN:348,_ZN7testing8internal11MatcherBaseISt17basic_string_viewIcSt11char_traitsIcEEE12DescribeImplINS6_11ValuePolicyIPKNS_16MatcherInterfaceIRKS5_EELb1EEEEEvRKS6_PSob
FN:358,_ZN7testing8internal11MatcherBaseISt17basic_string_viewIcSt11char_traitsIcEEE16GetDescriberImplINS6_11ValuePolicyIPKNS_16MatcherInterfaceIRKS5_EELb1EEEEEPKNS_25MatcherDescriberInterfaceERKS6_
FN:437,_ZN7testing8internal11MatcherBaseISt17basic_string_viewIcSt11char_traitsIcEEE11ValuePolicyIPKNS_16MatcherInterfaceIRKS5_EELb1EE4InitERS6_SD_
FN:396,_ZN7testing8internal11MatcherBaseISt17basic_string_viewIcSt11char_traitsIcEEE9IsInlinedIPKNS_16MatcherInterfaceIS5_EEEEbv
FN:445,_ZN7testing8internal11MatcherBaseISt17basic_string_viewIcSt11char_traitsIcEEE4InitIRPKNS_16MatcherInterfaceIS5_EEEEvOT_
FN:373,_ZN7testing8internal11MatcherBaseISt17basic_string_viewIcSt11char_traitsIcEEE9GetVTableINS6_11ValuePolicyIPKNS_16MatcherInterfaceIS5_EELb1EEEEEPKNS6_6VTableEv
FN:342,_ZN7testing8internal11MatcherBaseISt17basic_string_viewIcSt11char_traitsIcEEE19MatchAndExplainImplINS6_11ValuePolicyIPKNS_16MatcherInterfaceIS5_EELb1EEEEEDTcldtclsrT_3Getfp_E15MatchAndExplainfp0_fp1_EERKS6_RKS5_PNS_19MatchResultListenerE
FN:434,_ZN7testing8internal11MatcherBaseISt17basic_string_viewIcSt11char_traitsIcEEE11ValuePolicyIPKNS_16MatcherInterfaceIS5_EELb1EE3GetERKS6_
FN:348,_ZN7testing8internal11MatcherBaseISt17basic_string_viewIcSt11char_traitsIcEEE12DescribeImplINS6_11ValuePolicyIPKNS_16MatcherInterfaceIS5_EELb1EEEEEvRKS6_PSob
FN:358,_ZN7testing8internal11MatcherBaseISt17basic_string_viewIcSt11char_traitsIcEEE16GetDescriberImplINS6_11ValuePolicyIPKNS_16MatcherInterfaceIS5_EELb1EEEEEPKNS_25MatcherDescriberInterfaceERKS6_
FN:217,_ZN7testing8internal13SharedPayloadISt10unique_ptrIKNS_16MatcherInterfaceISt17basic_string_viewIcSt11char_traitsIcEEEESt14default_deleteIS9_EEE7DestroyEPNS0_17SharedPayloadBaseE
FN:437,_ZN7testing8internal11MatcherBaseISt17basic_string_viewIcSt11char_traitsIcEEE11ValuePolicyIPKNS_16MatcherInterfaceIS5_EELb1EE4InitERS6_SB_
FN:811,_ZNK7testing8internal19MatchesRegexMatcher15MatchAndExplainINSt7__cxx1112basic_stringIcSt11char_traitsIcESaIcEEEEEbRKT_PNS_19MatchResultListenerE
FN:676,_ZN7testing22MakePolymorphicMatcherINS_8internal19MatchesRegexMatcherEEENS_18PolymorphicMatcherIT_EERKS4_
FN:854,_ZN7testing13ContainsRegexIPKcEENS_18PolymorphicMatcherINS_8internal19MatchesRegexMatcherEEERKT_
FN:630,_ZNK7testing18PolymorphicMatcherINS_8internal19MatchesRegexMatcherEEcvNS_7MatcherIT_EEIRKNSt7__cxx1112basic_stringIcSt11char_traitsIcESaIcEEEEEv
FN:640,_ZNK7testing18PolymorphicMatcherINS_8internal19MatchesRegexMatcherEE15MonomorphicImplIRKNSt7__cxx1112basic_stringIcSt11char_traitsIcESaIcEEEE10DescribeToEPSo
FN:642,_ZNK7testing18PolymorphicMatcherINS_8internal19MatchesRegexMatcherEE15MonomorphicImplIRKNSt7__cxx1112basic_stringIcSt11char_traitsIcESaIcEEEE18DescribeNegationToEPSo
FN:646,_ZNK7testing18PolymorphicMatcherINS_8internal19MatchesRegexMatcherEE15MonomorphicImplIRKNSt7__cxx1112basic_stringIcSt11char_traitsIcESaIcEEEE15MatchAndExplainESC_PNS_19MatchResultListenerE
FN:854,_ZN7testing13ContainsRegexINSt7__cxx1112basic_stringIcSt11char_traitsIcESaIcEEEEENS_18PolymorphicMatcherINS_8internal19MatchesRegexMatcherEEERKT_
FN:396,_ZN7testing8internal11MatcherBaseIRKNSt7__cxx1112basic_stringIcSt11char_traitsIcESaIcEEEE9IsInlinedINS0_9EqMatcherIS7_EEEEbv
FN:396,_ZN7testing8internal11MatcherBaseINSt7__cxx1112basic_stringIcSt11char_traitsIcESaIcEEEE9IsInlinedINS0_9EqMatcherIS7_EEEEbv
FN:396,_ZN7testing8internal11MatcherBaseIRKSt17basic_string_viewIcSt11char_traitsIcEEE9IsInlinedINS0_9EqMatcherINSt7__cxx1112basic_stringIcS4_SaIcEEEEEEEbv
FN:396,_ZN7testing8internal11MatcherBaseISt17basic_string_viewIcSt11char_traitsIcEEE9IsInlinedINS0_9EqMatcherINSt7__cxx1112basic_stringIcS4_SaIcEEEEEEEbv
FNDA:0,_ZN7testing8internal11MatcherBaseIRKNSt7__cxx1112basic_stringIcSt11char_traitsIcESaIcEEEEC2EOSA_
FNDA:0,_ZN7testing25MatcherDescriberInterfaceD2Ev
FNDA:0,_ZNK7testing25MatcherDescriberInterface18DescribeNegationToEPSo
FNDA:0,_ZN7testing8internal11MatcherBaseIRKNSt7__cxx1112basic_stringIcSt11char_traitsIcESaIcEEEEaSEOSA_
FNDA:0,_ZN7testing8internal11MatcherBaseIRKNSt7__cxx1112basic_stringIcSt11char_traitsIcESaIcEEEE7DestroyEv
FNDA:0,_ZNK7testing8internal11MatcherBaseIRKNSt7__cxx1112basic_stringIcSt11char_traitsIcESaIcEEEE8IsSharedEv
FNDA:0,_ZN7testing8internal17SharedPayloadBase5UnrefEv
FNDA:0,_ZN7testing8internal11MatcherBaseINSt7__cxx1112basic_stringIcSt11char_traitsIcESaIcEEEEaSEOS8_
FNDA:0,_ZN7testing8internal11MatcherBaseINSt7__cxx1112basic_stringIcSt11char_traitsIcESaIcEEEE7DestroyEv
FNDA:0,_ZNK7testing8internal11MatcherBaseINSt7__cxx1112basic_stringIcSt11char_traitsIcESaIcEEEE8IsSharedEv
FNDA:0,_ZN7testing8internal11MatcherBaseIRKSt17basic_string_viewIcSt11char_traitsIcEEEaSEOS8_
FNDA:0,_ZN7testing8internal11MatcherBaseIRKSt17basic_string_viewIcSt11char_traitsIcEEE7DestroyEv
FNDA:0,_ZNK7testing8internal11MatcherBaseIRKSt17basic_string_viewIcSt11char_traitsIcEEE8IsSharedEv
FNDA:0,_ZN7testing8internal11MatcherBaseISt17basic_string_viewIcSt11char_traitsIcEEEaSEOS6_
FNDA:0,_ZN7testing8internal11MatcherBaseISt17basic_string_viewIcSt11char_traitsIcEEE7DestroyEv
FNDA:0,_ZNK7testing8internal11MatcherBaseISt17basic_string_viewIcSt11char_traitsIcEEE8IsSharedEv
FNDA:0,_ZN7testing8internal11MatcherBaseIRKNSt7__cxx1112basic_stringIcSt11char_traitsIcESaIcEEEED2Ev
FNDA:0,_ZN7testing8internal11MatcherBaseINSt7__cxx1112basic_stringIcSt11char_traitsIcESaIcEEEED2Ev
FNDA:0,_ZN7testing8internal11MatcherBaseIRKSt17basic_string_viewIcSt11char_traitsIcEEED2Ev
FNDA:0,_ZN7testing8internal11MatcherBaseISt17basic_string_viewIcSt11char_traitsIcEEED2Ev
FNDA:0,_ZNK7testing8internal11MatcherBaseIRKNSt7__cxx1112basic_stringIcSt11char_traitsIcESaIcEEEE7MatchesES9_
FNDA:0,_ZN7testing8internal24DummyMatchResultListenerC2Ev
FNDA:0,_ZN7testing19MatchResultListenerC2EPSo
FNDA:0,_ZNK7testing8internal11MatcherBaseIRKNSt7__cxx1112basic_stringIcSt11char_traitsIcESaIcEEEE15MatchAndExplainES9_PNS_19MatchResultListenerE
FNDA:0,_ZN7testing19MatchResultListenerD2Ev
FNDA:0,_ZNK7testing8internal11MatcherBaseIRKNSt7__cxx1112basic_stringIcSt11char_traitsIcESaIcEEEE10DescribeToEPSo
FNDA:0,_ZN7testing8internal11MatcherBaseIRKNSt7__cxx1112basic_stringIcSt11char_traitsIcESaIcEEEEC2Ev
FNDA:0,_ZN7testing2EqINSt7__cxx1112basic_stringIcSt11char_traitsIcESaIcEEEEENS_8internal9EqMatcherIT_EES9_
FNDA:0,_ZN7testing8internal9EqMatcherINSt7__cxx1112basic_stringIcSt11char_traitsIcESaIcEEEEC2ERKS7_
FNDA:0,_ZN7testing8internal14ComparisonBaseINS0_9EqMatcherINSt7__cxx1112basic_stringIcSt11char_traitsIcESaIcEEEEES8_St8equal_toIvEEC2ERKS8_
FNDA:0,_ZN7testing7MatcherIRKNSt7__cxx1112basic_stringIcSt11char_traitsIcESaIcEEEEC2INS_8internal9EqMatcherIS6_EEvEEOT_
FNDA:0,_ZN7testing8internal11MatcherBaseIRKNSt7__cxx1112basic_stringIcSt11char_traitsIcESaIcEEEEC2INS0_9EqMatcherIS7_EEvEEOT_
FNDA:0,_ZN7testing8internal11MatcherBaseIRKNSt7__cxx1112basic_stringIcSt11char_traitsIcESaIcEEEE4InitINS0_9EqMatcherIS7_EEEEvOT_
FNDA:0,_ZN7testing8internal11MatcherBaseIRKNSt7__cxx1112basic_stringIcSt11char_traitsIcESaIcEEEE9GetVTableINSA_11ValuePolicyINS0_9EqMatcherIS7_EELb0EEEEEPKNSA_6VTableEv
FNDA:0,_ZN7testing8internal11MatcherBaseIRKNSt7__cxx1112basic_stringIcSt11char_traitsIcESaIcEEEE19MatchAndExplainImplINSA_11ValuePolicyINS0_9EqMatcherIS7_EELb0EEEEEDTcldtclsrT_3Getfp_E15MatchAndExplainfp0_clptfp1_6streamEEERKSA_S9_PNS_19MatchResultListenerE
FNDA:0,_ZN7testing8internal11MatcherBaseIRKNSt7__cxx1112basic_stringIcSt11char_traitsIcESaIcEEEE11ValuePolicyINS0_9EqMatcherIS7_EELb0EE3GetERKSA_
FNDA:0,_ZNK7testing8internal14ComparisonBaseINS0_9EqMatcherINSt7__cxx1112basic_stringIcSt11char_traitsIcESaIcEEEEES8_St8equal_toIvEE15MatchAndExplainIS8_EEbRKT_PSo
FNDA:0,_ZN7testing8internal14ComparisonBaseINS0_9EqMatcherINSt7__cxx1112basic_stringIcSt11char_traitsIcESaIcEEEEES8_St8equal_toIvEE6UnwrapIS8_EERKT_SG_
FNDA:0,_ZN7testing19MatchResultListener6streamEv
FNDA:0,_ZN7testing8internal11MatcherBaseIRKNSt7__cxx1112basic_stringIcSt11char_traitsIcESaIcEEEE12DescribeImplINSA_11ValuePolicyINS0_9EqMatcherIS7_EELb0EEEEEvRKSA_PSob
FNDA:0,_ZNK7testing8internal14ComparisonBaseINS0_9EqMatcherINSt7__cxx1112basic_stringIcSt11char_traitsIcESaIcEEEEES8_St8equal_toIvEE18DescribeNegationToEPSo
FNDA:0,_ZN7testing8internal9EqMatcherINSt7__cxx1112basic_stringIcSt11char_traitsIcESaIcEEEE11NegatedDescEv
FNDA:0,_ZNK7testing8internal14ComparisonBaseINS0_9EqMatcherINSt7__cxx1112basic_stringIcSt11char_traitsIcESaIcEEEEES8_St8equal_toIvEE10DescribeToEPSo
FNDA:0,_ZN7testing8internal9EqMatcherINSt7__cxx1112basic_stringIcSt11char_traitsIcESaIcEEEE4DescEv
FNDA:0,_ZN7testing8internal11MatcherBaseIRKNSt7__cxx1112basic_stringIcSt11char_traitsIcESaIcEEEE16GetDescriberImplINSA_11ValuePolicyINS0_9EqMatcherIS7_EELb0EEEEEPKNS_25MatcherDescriberInterfaceERKSA_
FNDA:0,_ZN7testing8internal13SharedPayloadINS0_9EqMatcherINSt7__cxx1112basic_stringIcSt11char_traitsIcESaIcEEEEEE7DestroyEPNS0_17SharedPayloadBaseE
FNDA:0,_ZN7testing8internal11MatcherBaseIRKNSt7__cxx1112basic_stringIcSt11char_traitsIcESaIcEEEE11ValuePolicyINS0_9EqMatcherIS7_EELb0EE4InitISD_EEvRSA_OT_
FNDA:0,_ZN7testing8internal13SharedPayloadINS0_9EqMatcherINSt7__cxx1112basic_stringIcSt11char_traitsIcESaIcEEEEEEC2EOS9_
FNDA:0,_ZN7testing8internal11MatcherBaseINSt7__cxx1112basic_stringIcSt11char_traitsIcESaIcEEEEC2Ev
FNDA:0,_ZN7testing7MatcherINSt7__cxx1112basic_stringIcSt11char_traitsIcESaIcEEEEC2INS_8internal9EqMatcherIS6_EEvEEOT_
FNDA:0,_ZN7testing8internal11MatcherBaseINSt7__cxx1112basic_stringIcSt11char_traitsIcESaIcEEEEC2INS0_9EqMatcherIS7_EEvEEOT_
FNDA:0,_ZN7testing8internal11MatcherBaseINSt7__cxx1112basic_stringIcSt11char_traitsIcESaIcEEEE4InitINS0_9EqMatcherIS7_EEEEvOT_
FNDA:0,_ZN7testing8internal11MatcherBaseINSt7__cxx1112basic_stringIcSt11char_traitsIcESaIcEEEE9GetVTableINS8_11ValuePolicyINS0_9EqMatcherIS7_EELb0EEEEEPKNS8_6VTableEv
FNDA:0,_ZN7testing8internal11MatcherBaseINSt7__cxx1112basic_stringIcSt11char_traitsIcESaIcEEEE19MatchAndExplainImplINS8_11ValuePolicyINS0_9EqMatcherIS7_EELb0EEEEEDTcldtclsrT_3Getfp_E15MatchAndExplainfp0_clptfp1_6streamEEERKS8_RKS7_PNS_19MatchResultListenerE
FNDA:0,_ZN7testing8internal11MatcherBaseINSt7__cxx1112basic_stringIcSt11char_traitsIcESaIcEEEE11ValuePolicyINS0_9EqMatcherIS7_EELb0EE3GetERKS8_
FNDA:0,_ZN7testing8internal11MatcherBaseINSt7__cxx1112basic_stringIcSt11char_traitsIcESaIcEEEE12DescribeImplINS8_11ValuePolicyINS0_9EqMatcherIS7_EELb0EEEEEvRKS8_PSob
FNDA:0,_ZN7testing8internal11MatcherBaseINSt7__cxx1112basic_stringIcSt11char_traitsIcESaIcEEEE16GetDescriberImplINS8_11ValuePolicyINS0_9EqMatcherIS7_EELb0EEEEEPKNS_25MatcherDescriberInterfaceERKS8_
FNDA:0,_ZN7testing8internal11MatcherBaseINSt7__cxx1112basic_stringIcSt11char_traitsIcESaIcEEEE11ValuePolicyINS0_9EqMatcherIS7_EELb0EE4InitISB_EEvRS8_OT_
FNDA:0,_ZN7testing8internal11MatcherBaseIRKSt17basic_string_viewIcSt11char_traitsIcEEEC2Ev
FNDA:0,_ZN7testing7MatcherIRKSt17basic_string_viewIcSt11char_traitsIcEEEC2INS_8internal9EqMatcherINSt7__cxx1112basic_stringIcS3_SaIcEEEEEvEEOT_
FNDA:0,_ZN7testing8internal11MatcherBaseIRKSt17basic_string_viewIcSt11char_traitsIcEEEC2INS0_9EqMatcherINSt7__cxx1112basic_stringIcS4_SaIcEEEEEvEEOT_
FNDA:0,_ZN7testing8internal11MatcherBaseIRKSt17basic_string_viewIcSt11char_traitsIcEEE4InitINS0_9EqMatcherINSt7__cxx1112basic_stringIcS4_SaIcEEEEEEEvOT_
FNDA:0,_ZN7testing8internal11MatcherBaseIRKSt17basic_string_viewIcSt11char_traitsIcEEE9GetVTableINS8_11ValuePolicyINS0_9EqMatcherINSt7__cxx1112basic_stringIcS4_SaIcEEEEELb0EEEEEPKNS8_6VTableEv
FNDA:0,_ZN7testing8internal11MatcherBaseIRKSt17basic_string_viewIcSt11char_traitsIcEEE19MatchAndExplainImplINS8_11ValuePolicyINS0_9EqMatcherINSt7__cxx1112basic_stringIcS4_SaIcEEEEELb0EEEEEDTcldtclsrT_3Getfp_E15MatchAndExplainfp0_clptfp1_6streamEEERKS8_S7_PNS_19MatchResultListenerE
FNDA:0,_ZN7testing8internal11MatcherBaseIRKSt17basic_string_viewIcSt11char_traitsIcEEE11ValuePolicyINS0_9EqMatcherINSt7__cxx1112basic_stringIcS4_SaIcEEEEELb0EE3GetERKS8_
FNDA:0,_ZNK7testing8internal14ComparisonBaseINS0_9EqMatcherINSt7__cxx1112basic_stringIcSt11char_traitsIcESaIcEEEEES8_St8equal_toIvEE15MatchAndExplainISt17basic_string_viewIcS6_EEEbRKT_PSo
FNDA:0,_ZN7testing8internal11MatcherBaseIRKSt17basic_string_viewIcSt11char_traitsIcEEE12DescribeImplINS8_11ValuePolicyINS0_9EqMatcherINSt7__cxx1112basic_stringIcS4_SaIcEEEEELb0EEEEEvRKS8_PSob
FNDA:0,_ZN7testing8internal11MatcherBaseIRKSt17basic_string_viewIcSt11char_traitsIcEEE16GetDescriberImplINS8_11ValuePolicyINS0_9EqMatcherINSt7__cxx1112basic_stringIcS4_SaIcEEEEELb0EEEEEPKNS_25MatcherDescriberInterfaceERKS8_
FNDA:0,_ZN7testing8internal11MatcherBaseIRKSt17basic_string_viewIcSt11char_traitsIcEEE11ValuePolicyINS0_9EqMatcherINSt7__cxx1112basic_stringIcS4_SaIcEEEEELb0EE4InitISF_EEvRS8_OT_
FNDA:0,_ZN7testing8internal11MatcherBaseISt17basic_string_viewIcSt11char_traitsIcEEEC2Ev
FNDA:0,_ZN7testing7MatcherISt17basic_string_viewIcSt11char_traitsIcEEEC2INS_8internal9EqMatcherINSt7__cxx1112basic_stringIcS3_SaIcEEEEEvEEOT_
FNDA:0,_ZN7testing8internal11MatcherBaseISt17basic_string_viewIcSt11char_traitsIcEEEC2INS0_9EqMatcherINSt7__cxx1112basic_stringIcS4_SaIcEEEEEvEEOT_
FNDA:0,_ZN7testing8internal11MatcherBaseISt17basic_string_viewIcSt11char_traitsIcEEE4InitINS0_9EqMatcherINSt7__cxx1112basic_stringIcS4_SaIcEEEEEEEvOT_
FNDA:0,_ZN7testing8internal11MatcherBaseISt17basic_string_viewIcSt11char_traitsIcEEE9GetVTableINS6_11ValuePolicyINS0_9EqMatcherINSt7__cxx1112basic_stringIcS4_SaIcEEEEELb0EEEEEPKNS6_6VTableEv
FNDA:0,_ZN7testing8internal11MatcherBaseISt17basic_string_viewIcSt11char_traitsIcEEE19MatchAndExplainImplINS6_11ValuePolicyINS0_9EqMatcherINSt7__cxx1112basic_stringIcS4_SaIcEEEEELb0EEEEEDTcldtclsrT_3Getfp_E15MatchAndExplainfp0_clptfp1_6streamEEERKS6_RKS5_PNS_19MatchResultListenerE
FNDA:0,_ZN7testing8internal11MatcherBaseISt17basic_string_viewIcSt11char_traitsIcEEE11ValuePolicyINS0_9EqMatcherINSt7__cxx1112basic_stringIcS4_SaIcEEEEELb0EE3GetERKS6_
FNDA:0,_ZN7testing8internal11MatcherBaseISt17basic_string_viewIcSt11char_traitsIcEEE12DescribeImplINS6_11ValuePolicyINS0_9EqMatcherINSt7__cxx1112basic_stringIcS4_SaIcEEEEELb0EEEEEvRKS6_PSob
FNDA:0,_ZN7testing8internal11MatcherBaseISt17basic_string_viewIcSt11char_traitsIcEEE16GetDescriberImplINS6_11ValuePolicyINS0_9EqMatcherINSt7__cxx1112basic_stringIcS4_SaIcEEEEELb0EEEEEPKNS_25MatcherDescriberInterfaceERKS6_
FNDA:0,_ZN7testing8internal11MatcherBaseISt17basic_string_viewIcSt11char_traitsIcEEE11ValuePolicyINS0_9EqMatcherINSt7__cxx1112basic_stringIcS4_SaIcEEEEELb0EE4InitISD_EEvRS6_OT_
FNDA:0,_ZNK7testing8internal11MatcherBaseIRKNSt7__cxx1112basic_stringIcSt11char_traitsIcESaIcEEEE18DescribeNegationToEPSo
FNDA:0,_ZNK7testing8internal11MatcherBaseINSt7__cxx1112basic_stringIcSt11char_traitsIcESaIcEEEE10DescribeToEPSo
FNDA:0,_ZNK7testing8internal11MatcherBaseINSt7__cxx1112basic_stringIcSt11char_traitsIcESaIcEEEE18DescribeNegationToEPSo
FNDA:0,_ZNK7testing8internal11MatcherBaseIRKSt17basic_string_viewIcSt11char_traitsIcEEE10DescribeToEPSo
FNDA:0,_ZNK7testing8internal11MatcherBaseIRKSt17basic_string_viewIcSt11char_traitsIcEEE18DescribeNegationToEPSo
FNDA:0,_ZNK7testing8internal11MatcherBaseISt17basic_string_viewIcSt11char_traitsIcEEE10DescribeToEPSo
FNDA:0,_ZNK7testing8internal11MatcherBaseISt17basic_string_viewIcSt11char_traitsIcEEE18DescribeNegationToEPSo
FNDA:0,_ZNK7testing19MatchResultListener12IsInterestedEv
FNDA:0,_ZN7testing8internal25StreamMatchResultListenerC2EPSo
FNDA:0,_ZN7testing8internal17SharedPayloadBase3RefEv
FNDA:0,_ZN7testing7MatcherIRKNSt7__cxx1112basic_stringIcSt11char_traitsIcESaIcEEEEC2EPKNS_16MatcherInterfaceIS8_EE
FNDA:0,_ZN7testing7MatcherINSt7__cxx1112basic_stringIcSt11char_traitsIcESaIcEEEEC2EPKNS_16MatcherInterfaceIRKS6_EE
FNDA:0,_ZN7testing7MatcherINSt7__cxx1112basic_stringIcSt11char_traitsIcESaIcEEEEC2EPKNS_16MatcherInterfaceIS6_EE
FNDA:0,_ZN7testing7MatcherIRKSt17basic_string_viewIcSt11char_traitsIcEEEC2EPKNS_16MatcherInterfaceIS6_EE
FNDA:0,_ZN7testing7MatcherISt17basic_string_viewIcSt11char_traitsIcEEEC2EPKNS_16MatcherInterfaceIRKS4_EE
FNDA:0,_ZN7testing7MatcherISt17basic_string_viewIcSt11char_traitsIcEEEC2EPKNS_16MatcherInterfaceIS4_EE
FNDA:0,_ZN7testing8internal19MatchesRegexMatcherC2EPKNS0_2REEb
FNDA:0,_ZNK7testing8internal19MatchesRegexMatcher15MatchAndExplainERKSt17basic_string_viewIcSt11char_traitsIcEEPNS_19MatchResultListenerE
FNDA:0,_ZNK7testing8internal19MatchesRegexMatcher10DescribeToEPSo
FNDA:0,_ZNK7testing8internal19MatchesRegexMatcher18DescribeNegationToEPSo
FNDA:0,_ZN7testing12MatchesRegexEPKNS_8internal2REE
FNDA:0,_ZN7testing13ContainsRegexEPKNS_8internal2REE
FNDA:0,_ZN7testing8internal11MatcherBaseIRKNSt7__cxx1112basic_stringIcSt11char_traitsIcESaIcEEEE9IsInlinedIPKNS_16MatcherInterfaceIS9_EEEEbv
FNDA:0,_ZN7testing8internal11MatcherBaseIRKNSt7__cxx1112basic_stringIcSt11char_traitsIcESaIcEEEE4InitIRPKNS_16MatcherInterfaceIS9_EEEEvOT_
FNDA:0,_ZN7testing8internal11MatcherBaseIRKNSt7__cxx1112basic_stringIcSt11char_traitsIcESaIcEEEE9GetVTableINSA_11ValuePolicyIPKNS_16MatcherInterfaceIS9_EELb1EEEEEPKNSA_6VTableEv
FNDA:0,_ZN7testing8internal11MatcherBaseIRKNSt7__cxx1112basic_stringIcSt11char_traitsIcESaIcEEEE19MatchAndExplainImplINSA_11ValuePolicyIPKNS_16MatcherInterfaceIS9_EELb1EEEEEDTcldtclsrT_3Getfp_E15MatchAndExplainfp0_fp1_EERKSA_S9_PNS_19MatchResultListenerE
FNDA:0,_ZN7testing8internal11MatcherBaseIRKNSt7__cxx1112basic_stringIcSt11char_traitsIcESaIcEEEE11ValuePolicyIPKNS_16MatcherInterfaceIS9_EELb1EE3GetERKSA_
FNDA:0,_ZN7testing8internal11MatcherBaseIRKNSt7__cxx1112basic_stringIcSt11char_traitsIcESaIcEEEE12DescribeImplINSA_11ValuePolicyIPKNS_16MatcherInterfaceIS9_EELb1EEEEEvRKSA_PSob
FNDA:0,_ZN7testing8internal11MatcherBaseIRKNSt7__cxx1112basic_stringIcSt11char_traitsIcESaIcEEEE16GetDescriberImplINSA_11ValuePolicyIPKNS_16MatcherInterfaceIS9_EELb1EEEEEPKNS_25MatcherDescriberInterfaceERKSA_
FNDA:0,_ZN7testing8internal13SharedPayloadISt10unique_ptrIKNS_16MatcherInterfaceIRKNSt7__cxx1112basic_stringIcSt11char_traitsIcESaIcEEEEESt14default_deleteISD_EEE7DestroyEPNS0_17SharedPayloadBaseE
FNDA:0,_ZN7testing8internal11MatcherBaseIRKNSt7__cxx1112basic_stringIcSt11char_traitsIcESaIcEEEE11ValuePolicyIPKNS_16MatcherInterfaceIS9_EELb1EE4InitERSA_SF_
FNDA:0,_ZN7testing8internal11MatcherBaseINSt7__cxx1112basic_stringIcSt11char_traitsIcESaIcEEEE9IsInlinedIPKNS_16MatcherInterfaceIRKS7_EEEEbv
FNDA:0,_ZN7testing8internal11MatcherBaseINSt7__cxx1112basic_stringIcSt11char_traitsIcESaIcEEEE4InitIRPKNS_16MatcherInterfaceIRKS7_EEEEvOT_
FNDA:0,_ZN7testing8internal11MatcherBaseINSt7__cxx1112basic_stringIcSt11char_traitsIcESaIcEEEE9GetVTableINS8_11ValuePolicyIPKNS_16MatcherInterfaceIRKS7_EELb1EEEEEPKNS8_6VTableEv
FNDA:0,_ZN7testing8internal11MatcherBaseINSt7__cxx1112basic_stringIcSt11char_traitsIcESaIcEEEE19MatchAndExplainImplINS8_11ValuePolicyIPKNS_16MatcherInterfaceIRKS7_EELb1EEEEEDTcldtclsrT_3Getfp_E15MatchAndExplainfp0_fp1_EERKS8_SD_PNS_19MatchResultListenerE
FNDA:0,_ZN7testing8internal11MatcherBaseINSt7__cxx1112basic_stringIcSt11char_traitsIcESaIcEEEE11ValuePolicyIPKNS_16MatcherInterfaceIRKS7_EELb1EE3GetERKS8_
FNDA:0,_ZN7testing8internal11MatcherBaseINSt7__cxx1112basic_stringIcSt11char_traitsIcESaIcEEEE12DescribeImplINS8_11ValuePolicyIPKNS_16MatcherInterfaceIRKS7_EELb1EEEEEvRKS8_PSob
FNDA:0,_ZN7testing8internal11MatcherBaseINSt7__cxx1112basic_stringIcSt11char_traitsIcESaIcEEEE16GetDescriberImplINS8_11ValuePolicyIPKNS_16MatcherInterfaceIRKS7_EELb1EEEEEPKNS_25MatcherDescriberInterfaceERKS8_
FNDA:0,_ZN7testing8internal11MatcherBaseINSt7__cxx1112basic_stringIcSt11char_traitsIcESaIcEEEE11ValuePolicyIPKNS_16MatcherInterfaceIRKS7_EELb1EE4InitERS8_SF_
FNDA:0,_ZN7testing8internal11MatcherBaseINSt7__cxx1112basic_stringIcSt11char_traitsIcESaIcEEEE9IsInlinedIPKNS_16MatcherInterfaceIS7_EEEEbv
FNDA:0,_ZN7testing8internal11MatcherBaseINSt7__cxx1112basic_stringIcSt11char_traitsIcESaIcEEEE4InitIRPKNS_16MatcherInterfaceIS7_EEEEvOT_
FNDA:0,_ZN7testing8internal11MatcherBaseINSt7__cxx1112basic_stringIcSt11char_traitsIcESaIcEEEE9GetVTableINS8_11ValuePolicyIPKNS_16MatcherInterfaceIS7_EELb1EEEEEPKNS8_6VTableEv
FNDA:0,_ZN7testing8internal11MatcherBaseINSt7__cxx1112basic_stringIcSt11char_traitsIcESaIcEEEE19MatchAndExplainImplINS8_11ValuePolicyIPKNS_16MatcherInterfaceIS7_EELb1EEEEEDTcldtclsrT_3Getfp_E15MatchAndExplainfp0_fp1_EERKS8_RKS7_PNS_19MatchResultListenerE
FNDA:0,_ZN7testing8internal11MatcherBaseINSt7__cxx1112basic_stringIcSt11char_traitsIcESaIcEEEE11ValuePolicyIPKNS_16MatcherInterfaceIS7_EELb1EE3GetERKS8_
FNDA:0,_ZN7testing8internal11MatcherBaseINSt7__cxx1112basic_stringIcSt11char_traitsIcESaIcEEEE12DescribeImplINS8_11ValuePolicyIPKNS_16MatcherInterfaceIS7_EELb1EEEEEvRKS8_PSob
FNDA:0,_ZN7testing8internal11MatcherBaseINSt7__cxx1112basic_stringIcSt11char_traitsIcESaIcEEEE16GetDescriberImplINS8_11ValuePolicyIPKNS_16MatcherInterfaceIS7_EELb1EEEEEPKNS_25MatcherDescriberInterfaceERKS8_
FNDA:0,_ZN7testing8internal13SharedPayloadISt10unique_ptrIKNS_16MatcherInterfaceINSt7__cxx1112basic_stringIcSt11char_traitsIcESaIcEEEEESt14default_deleteISB_EEE7DestroyEPNS0_17SharedPayloadBaseE
FNDA:0,_ZN7testing8internal11MatcherBaseINSt7__cxx1112basic_stringIcSt11char_traitsIcESaIcEEEE11ValuePolicyIPKNS_16MatcherInterfaceIS7_EELb1EE4InitERS8_SD_
FNDA:0,_ZN7testing8internal11MatcherBaseIRKSt17basic_string_viewIcSt11char_traitsIcEEE9IsInlinedIPKNS_16MatcherInterfaceIS7_EEEEbv
FNDA:0,_ZN7testing8internal11MatcherBaseIRKSt17basic_string_viewIcSt11char_traitsIcEEE4InitIRPKNS_16MatcherInterfaceIS7_EEEEvOT_
FNDA:0,_ZN7testing8internal11MatcherBaseIRKSt17basic_string_viewIcSt11char_traitsIcEEE9GetVTableINS8_11ValuePolicyIPKNS_16MatcherInterfaceIS7_EELb1EEEEEPKNS8_6VTableEv
FNDA:0,_ZN7testing8internal11MatcherBaseIRKSt17basic_string_viewIcSt11char_traitsIcEEE19MatchAndExplainImplINS8_11ValuePolicyIPKNS_16MatcherInterfaceIS7_EELb1EEEEEDTcldtclsrT_3Getfp_E15MatchAndExplainfp0_fp1_EERKS8_S7_PNS_19MatchResultListenerE
FNDA:0,_ZN7testing8internal11MatcherBaseIRKSt17basic_string_viewIcSt11char_traitsIcEEE11ValuePolicyIPKNS_16MatcherInterfaceIS7_EELb1EE3GetERKS8_
FNDA:0,_ZN7testing8internal11MatcherBaseIRKSt17basic_string_viewIcSt11char_traitsIcEEE12DescribeImplINS8_11ValuePolicyIPKNS_16MatcherInterfaceIS7_EELb1EEEEEvRKS8_PSob
FNDA:0,_ZN7testing8internal11MatcherBaseIRKSt17basic_string_viewIcSt11char_traitsIcEEE16GetDescriberImplINS8_11ValuePolicyIPKNS_16MatcherInterfaceIS7_EELb1EEEEEPKNS_25MatcherDescriberInterfaceERKS8_
FNDA:0,_ZN7testing8internal13SharedPayloadISt10unique_ptrIKNS_16MatcherInterfaceIRKSt17basic_string_viewIcSt11char_traitsIcEEEESt14default_deleteISB_EEE7DestroyEPNS0_17SharedPayloadBaseE
FNDA:0,_ZN7testing8internal11MatcherBaseIRKSt17basic_string_viewIcSt11char_traitsIcEEE11ValuePolicyIPKNS_16MatcherInterfaceIS7_EELb1EE4InitERS8_SD_
FNDA:0,_ZN7testing8internal11MatcherBaseISt17basic_string_viewIcSt11char_traitsIcEEE9IsInlinedIPKNS_16MatcherInterfaceIRKS5_EEEEbv
FNDA:0,_ZN7testing8internal11MatcherBaseISt17basic_string_viewIcSt11char_traitsIcEEE4InitIRPKNS_16MatcherInterfaceIRKS5_EEEEvOT_
FNDA:0,_ZN7testing8internal11MatcherBaseISt17basic_string_viewIcSt11char_traitsIcEEE9GetVTableINS6_11ValuePolicyIPKNS_16MatcherInterfaceIRKS5_EELb1EEEEEPKNS6_6VTableEv
FNDA:0,_ZN7testing8internal11MatcherBaseISt17basic_string_viewIcSt11char_traitsIcEEE19MatchAndExplainImplINS6_11ValuePolicyIPKNS_16MatcherInterfaceIRKS5_EELb1EEEEEDTcldtclsrT_3Getfp_E15MatchAndExplainfp0_fp1_EERKS6_SB_PNS_19MatchResultListenerE
FNDA:0,_ZN7testing8internal11MatcherBaseISt17basic_string_viewIcSt11char_traitsIcEEE11ValuePolicyIPKNS_16MatcherInterfaceIRKS5_EELb1EE3GetERKS6_
FNDA:0,_ZN7testing8internal11MatcherBaseISt17basic_string_viewIcSt11char_traitsIcEEE12DescribeImplINS6_11ValuePolicyIPKNS_16MatcherInterfaceIRKS5_EELb1EEEEEvRKS6_PSob
FNDA:0,_ZN7testing8internal11MatcherBaseISt17basic_string_viewIcSt11char_traitsIcEEE16GetDescriberImplINS6_11ValuePolicyIPKNS_16MatcherInterfaceIRKS5_EELb1EEEEEPKNS_25MatcherDescriberInterfaceERKS6_
FNDA:0,_ZN7testing8internal11MatcherBaseISt17basic_string_viewIcSt11char_traitsIcEEE11ValuePolicyIPKNS_16MatcherInterfaceIRKS5_EELb1EE4InitERS6_SD_
FNDA:0,_ZN7testing8internal11MatcherBaseISt17basic_string_viewIcSt11char_traitsIcEEE9IsInlinedIPKNS_16MatcherInterfaceIS5_EEEEbv
FNDA:0,_ZN7testing8internal11MatcherBaseISt17basic_string_viewIcSt11char_traitsIcEEE4InitIRPKNS_16MatcherInterfaceIS5_EEEEvOT_
FNDA:0,_ZN7testing8internal11MatcherBaseISt17basic_string_viewIcSt11char_traitsIcEEE9GetVTableINS6_11ValuePolicyIPKNS_16MatcherInterfaceIS5_EELb1EEEEEPKNS6_6VTableEv
FNDA:0,_ZN7testing8internal11MatcherBaseISt17basic_string_viewIcSt11char_traitsIcEEE19MatchAndExplainImplINS6_11ValuePolicyIPKNS_16MatcherInterfaceIS5_EELb1EEEEEDTcldtclsrT_3Getfp_E15MatchAndExplainfp0_fp1_EERKS6_RKS5_PNS_19MatchResultListenerE
FNDA:0,_ZN7testing8internal11MatcherBaseISt17basic_string_viewIcSt11char_traitsIcEEE11ValuePolicyIPKNS_16MatcherInterfaceIS5_EELb1EE3GetERKS6_
FNDA:0,_ZN7testing8internal11MatcherBaseISt17basic_string_viewIcSt11char_traitsIcEEE12DescribeImplINS6_11ValuePolicyIPKNS_16MatcherInterfaceIS5_EELb1EEEEEvRKS6_PSob
FNDA:0,_ZN7testing8internal11MatcherBaseISt17basic_string_viewIcSt11char_traitsIcEEE16GetDescriberImplINS6_11ValuePolicyIPKNS_16MatcherInterfaceIS5_EELb1EEEEEPKNS_25MatcherDescriberInterfaceERKS6_
FNDA:0,_ZN7testing8internal13SharedPayloadISt10unique_ptrIKNS_16MatcherInterfaceISt17basic_string_viewIcSt11char_traitsIcEEEESt14default_deleteIS9_EEE7DestroyEPNS0_17SharedPayloadBaseE
FNDA:0,_ZN7testing8internal11MatcherBaseISt17basic_string_viewIcSt11char_traitsIcEEE11ValuePolicyIPKNS_16MatcherInterfaceIS5_EELb1EE4InitERS6_SB_
FNDA:0,_ZNK7testing8internal19MatchesRegexMatcher15MatchAndExplainINSt7__cxx1112basic_stringIcSt11char_traitsIcESaIcEEEEEbRKT_PNS_19MatchResultListenerE
FNDA:0,_ZN7testing22MakePolymorphicMatcherINS_8internal19MatchesRegexMatcherEEENS_18PolymorphicMatcherIT_EERKS4_
FNDA:0,_ZN7testing13ContainsRegexIPKcEENS_18PolymorphicMatcherINS_8internal19MatchesRegexMatcherEEERKT_
FNDA:0,_ZNK7testing18PolymorphicMatcherINS_8internal19MatchesRegexMatcherEEcvNS_7MatcherIT_EEIRKNSt7__cxx1112basic_stringIcSt11char_traitsIcESaIcEEEEEv
FNDA:0,_ZNK7testing18PolymorphicMatcherINS_8internal19MatchesRegexMatcherEE15MonomorphicImplIRKNSt7__cxx1112basic_stringIcSt11char_traitsIcESaIcEEEE10DescribeToEPSo
FNDA:0,_ZNK7testing18PolymorphicMatcherINS_8internal19MatchesRegexMatcherEE15MonomorphicImplIRKNSt7__cxx1112basic_stringIcSt11char_traitsIcESaIcEEEE18DescribeNegationToEPSo
FNDA:0,_ZNK7testing18PolymorphicMatcherINS_8internal19MatchesRegexMatcherEE15MonomorphicImplIRKNSt7__cxx1112basic_stringIcSt11char_traitsIcESaIcEEEE15MatchAndExplainESC_PNS_19MatchResultListenerE
FNDA:0,_ZN7testing13ContainsRegexINSt7__cxx1112basic_stringIcSt11char_traitsIcESaIcEEEEENS_18PolymorphicMatcherINS_8internal19MatchesRegexMatcherEEERKT_
FNDA:0,_ZN7testing8internal11MatcherBaseIRKNSt7__cxx1112basic_stringIcSt11char_traitsIcESaIcEEEE9IsInlinedINS0_9EqMatcherIS7_EEEEbv
FNDA:0,_ZN7testing8internal11MatcherBaseINSt7__cxx1112basic_stringIcSt11char_traitsIcESaIcEEEE9IsInlinedINS0_9EqMatcherIS7_EEEEbv
FNDA:0,_ZN7testing8internal11MatcherBaseIRKSt17basic_string_viewIcSt11char_traitsIcEEE9IsInlinedINS0_9EqMatcherINSt7__cxx1112basic_stringIcS4_SaIcEEEEEEEbv
FNDA:0,_ZN7testing8internal11MatcherBaseISt17basic_string_viewIcSt11char_traitsIcEEE9IsInlinedINS0_9EqMatcherINSt7__cxx1112basic_stringIcS4_SaIcEEEEEEEbv
FNF:66
FNH:0
DA:83,0
DA:95,0
DA:101,0
DA:110,0
DA:116,0
DA:131,0
DA:132,0
DA:133,0
DA:134,0
DA:135,0
DA:185,0
DA:198,0
DA:208,0
DA:209,0
DA:215,0
DA:217,0
DA:218,0
DA:219,0
DA:232,0
DA:233,0
DA:234,0
DA:235,0
DA:238,0
DA:239,0
DA:240,0
DA:241,0
DA:244,0
DA:245,0
DA:246,0
DA:247,0
DA:250,0
DA:251,0
DA:252,0
DA:253,0
DA:270,0
DA:281,0
DA:282,0
DA:283,0
DA:300,0
DA:301,0
DA:302,0
DA:304,0
DA:305,0
DA:306,0
DA:307,0
DA:308,0
DA:309,0
DA:310,0
DA:311,0
DA:313,0
DA:327,0
DA:328,0
DA:329,0
DA:335,0
DA:336,0
DA:337,0
DA:342,0
DA:343,0
DA:344,0
DA:348,0
DA:349,0
DA:350,0
DA:351,0
DA:352,0
DA:353,0
DA:354,0
DA:358,0
DA:365,0
DA:366,0
DA:367,0
DA:368,0
DA:369,0
DA:370,0
DA:373,0
DA:374,0
DA:375,0
DA:376,0
DA:377,0
DA:378,0
DA:389,0
DA:390,0
DA:391,0
DA:392,0
DA:393,0
DA:396,0
DA:397,0
DA:398,0
DA:399,0
DA:400,0
DA:420,0
DA:421,0
DA:422,0
DA:424,0
DA:425,0
DA:426,0
DA:434,0
DA:435,0
DA:436,0
DA:437,0
DA:438,0
DA:439,0
DA:445,0
DA:446,0
DA:447,0
DA:448,0
DA:449,0
DA:450,0
DA:500,0
DA:505,0
DA:522,0
DA:524,0
DA:529,0
DA:550,0
DA:555,0
DA:556,0
DA:576,0
DA:578,0
DA:583,0
DA:630,0
DA:631,0
DA:632,0
DA:640,0
DA:642,0
DA:643,0
DA:644,0
DA:646,0
DA:647,0
DA:648,0
DA:676,0
DA:677,0
DA:678,0
DA:694,0
DA:699,0
DA:700,0
DA:701,0
DA:702,0
DA:703,0
DA:704,0
DA:705,0
DA:706,0
DA:707,0
DA:708,0
DA:709,0
DA:713,0
DA:714,0
DA:715,0
DA:728,0
DA:729,0
DA:730,0
DA:786,0
DA:790,0
DA:791,0
DA:792,0
DA:811,0
DA:812,0
DA:813,0
DA:814,0
DA:815,0
DA:817,0
DA:818,0
DA:819,0
DA:820,0
DA:822,0
DA:823,0
DA:824,0
DA:825,0
DA:826,0
DA:837,0
DA:838,0
DA:839,0
DA:849,0
DA:850,0
DA:851,0
DA:854,0
DA:855,0
DA:856,0
DA:862,0
DA:863,0
DA:864,0
BRDA:233,0,0,-
BRDA:233,0,1,-
BRDA:233,1,2,-
BRDA:233,1,3,-
BRDA:233,2,4,-
BRDA:233,2,5,-
BRDA:245,0,0,-
BRDA:245,0,1,-
BRDA:245,1,2,-
BRDA:245,1,3,-
BRDA:245,2,4,-
BRDA:245,2,5,-
BRDA:245,3,6,-
BRDA:245,3,7,-
BRDA:245,4,8,-
BRDA:245,4,9,-
BRDA:245,5,10,-
BRDA:245,5,11,-
BRDA:245,6,12,-
BRDA:245,6,13,-
BRDA:245,7,14,-
BRDA:245,7,15,-
BRDA:245,8,16,-
BRDA:245,8,17,-
BRDA:245,9,18,-
BRDA:245,9,19,-
BRDA:245,10,20,-
BRDA:245,10,21,-
BRDA:245,11,22,-
BRDA:245,11,23,-
BRDA:251,0,0,-
BRDA:251,0,1,-
BRDA:251,1,2,-
BRDA:251,1,3,-
BRDA:251,2,4,-
BRDA:251,2,5,-
BRDA:251,3,6,-
BRDA:251,3,7,-
BRDA:251,4,8,-
BRDA:251,4,9,-
BRDA:251,5,10,-
BRDA:251,5,11,-
BRDA:251,6,12,-
BRDA:251,6,13,-
BRDA:251,7,14,-
BRDA:251,7,15,-
BRDA:251,8,16,-
BRDA:251,8,17,-
BRDA:251,9,18,-
BRDA:251,9,19,-
BRDA:251,10,20,-
BRDA:251,10,21,-
BRDA:251,11,22,-
BRDA:251,11,23,-
BRDA:305,0,0,-
BRDA:305,0,1,-
BRDA:305,1,2,-
BRDA:305,1,3,-
BRDA:305,2,4,-
BRDA:305,2,5,-
BRDA:305,3,6,-
BRDA:305,3,7,-
BRDA:328,0,0,-
BRDA:328,0,1,-
BRDA:328,1,2,-
BRDA:328,1,3,-
BRDA:328,2,4,-
BRDA:328,2,5,-
BRDA:328,3,6,-
BRDA:328,3,7,-
BRDA:328,4,8,-
BRDA:328,4,9,-
BRDA:328,5,10,-
BRDA:328,5,11,-
BRDA:328,6,12,-
BRDA:328,6,13,-
BRDA:328,7,14,-
BRDA:328,7,15,-
BRDA:349,0,0,-
BRDA:349,0,1,-
BRDA:349,1,2,-
BRDA:349,1,3,-
BRDA:349,2,4,-
BRDA:349,2,5,-
BRDA:349,3,6,-
BRDA:349,3,7,-
BRDA:390,0,0,-
BRDA:390,0,1,-
BRDA:390,1,2,-
BRDA:390,1,3,-
BRDA:390,2,4,-
BRDA:390,2,5,-
BRDA:390,3,6,-
BRDA:390,3,7,-
BRDA:390,4,8,-
BRDA:390,4,9,-
BRDA:390,5,10,-
BRDA:390,5,11,-
BRDA:390,6,12,-
BRDA:390,6,13,-
BRDA:390,7,14,-
BRDA:390,7,15,-
BRF:30
BRH:0
LF:185
LH:0
end_of_record
SF:/home/runner/work/ottr/ottr/build/_deps/googletest-src/googletest/include/gtest/gtest-message.h
FN:132,_ZN7testing7MessagelsIA256_cEERS0_RKT_
FN:132,_ZN7testing7MessagelsIA53_cEERS0_RKT_
FN:132,_ZN7testing7MessagelsIA40_cEERS0_RKT_
FN:132,_ZN7testing7MessagelsImEERS0_RKT_
FN:132,_ZN7testing7MessagelsIA93_cEERS0_RKT_
FN:132,_ZN7testing7MessagelsIA61_cEERS0_RKT_
FN:132,_ZN7testing7MessagelsINS_14TestPartResultEEERS0_RKT_
FN:132,_ZN7testing7MessagelsIA14_cEERS0_RKT_
FN:112,_ZN7testing7MessageC2ERKS0_
FN:182,_ZN7testing7MessagelsIKcEERS0_RKPT_
FN:243,_ZN7testing8internal18StreamableToStringIiEENSt7__cxx1112basic_stringIcSt11char_traitsIcESaIcEEERKT_
FN:243,_ZN7testing8internal18StreamableToStringIlEENSt7__cxx1112basic_stringIcSt11char_traitsIcESaIcEEERKT_
FN:132,_ZN7testing7MessagelsIlEERS0_RKT_
FN:132,_ZN7testing7MessagelsIA25_cEERS0_RKT_
FN:132,_ZN7testing7MessagelsIiEERS0_RKT_
FN:132,_ZN7testing7MessagelsIA22_cEERS0_RKT_
FN:132,_ZN7testing7MessagelsIA15_cEERS0_RKT_
FN:132,_ZN7testing7MessagelsIA12_cEERS0_RKT_
FN:132,_ZN7testing7MessagelsIA2_cEERS0_RKT_
FN:132,_ZN7testing7MessagelsIA39_cEERS0_RKT_
FN:132,_ZN7testing7MessagelsIA10_cEERS0_RKT_
FN:132,_ZN7testing7MessagelsIA62_cEERS0_RKT_
FN:132,_ZN7testing7MessagelsIA13_cEERS0_RKT_
FN:132,_ZN7testing7MessagelsIA28_cEERS0_RKT_
FN:132,_ZN7testing7MessagelsINSt7__cxx1112basic_stringIcSt11char_traitsIcESaIcEEEEERS0_RKT_
FN:132,_ZN7testing7MessagelsIA33_cEERS0_RKT_
FN:132,_ZN7testing7MessagelsIA47_cEERS0_RKT_
FN:132,_ZN7testing7MessagelsIA51_cEERS0_RKT_
FN:132,_ZN7testing7MessagelsIA7_cEERS0_RKT_
FN:132,_ZN7testing7MessagelsIA6_cEERS0_RKT_
FN:132,_ZN7testing7MessagelsIA21_cEERS0_RKT_
FN:132,_ZN7testing7MessagelsIA52_cEERS0_RKT_
FN:132,_ZN7testing7MessagelsIcEERS0_RKT_
FN:132,_ZN7testing7MessagelsIS0_EERS0_RKT_
FN:232,_ZN7testinglsERSoRKNS_7MessageE
FN:132,_ZN7testing7MessagelsIA50_cEERS0_RKT_
FN:132,_ZN7testing7MessagelsIA4_cEERS0_RKT_
FN:132,_ZN7testing7MessagelsIA20_cEERS0_RKT_
FN:132,_ZN7testing7MessagelsIA35_cEERS0_RKT_
FN:132,_ZN7testing7MessagelsIA3_cEERS0_RKT_
FN:132,_ZN7testing7MessagelsIA11_cEERS0_RKT_
FN:132,_ZN7testing7MessagelsIA16_cEERS0_RKT_
FN:132,_ZN7testing7MessagelsIA24_cEERS0_RKT_
FN:132,_ZN7testing7MessagelsIdEERS0_RKT_
FN:132,_ZN7testing7MessagelsIA27_cEERS0_RKT_
FN:132,_ZN7testing7MessagelsIA100_cEERS0_RKT_
FN:132,_ZN7testing7MessagelsIA106_cEERS0_RKT_
FN:132,_ZN7testing7MessagelsIA29_cEERS0_RKT_
FN:132,_ZN7testing7MessagelsIA5_cEERS0_RKT_
FN:132,_ZN7testing7MessagelsIA18_cEERS0_RKT_
FN:132,_ZN7testing7MessagelsIA65_cEERS0_RKT_
FN:132,_ZN7testing7MessagelsIA60_cEERS0_RKT_
FN:132,_ZN7testing7MessagelsIA30_cEERS0_RKT_
FN:132,_ZN7testing7MessagelsIA32_cEERS0_RKT_
FN:132,_ZN7testing7MessagelsIA63_cEERS0_RKT_
FN:132,_ZN7testing7MessagelsIA38_cEERS0_RKT_
FN:132,_ZN7testing7MessagelsIA68_cEERS0_RKT_
FN:132,_ZN7testing7MessagelsIA8_cEERS0_RKT_
FN:132,_ZN7testing7MessagelsIA41_cEERS0_RKT_
FN:132,_ZN7testing7MessagelsIA17_cEERS0_RKT_
FN:132,_ZN7testing7MessagelsIA19_cEERS0_RKT_
FN:132,_ZN7testing7MessagelsIA9_cEERS0_RKT_
FN:132,_ZN7testing7MessagelsIA48_cEERS0_RKT_
FN:243,_ZN7testing8internal18StreamableToStringIPcEENSt7__cxx1112basic_stringIcSt11char_traitsIcESaIcEEERKT_
FN:182,_ZN7testing7MessagelsIcEERS0_RKPT_
FN:243,_ZN7testing8internal18StreamableToStringIPwEENSt7__cxx1112basic_stringIcSt11char_traitsIcESaIcEEERKT_
FN:117,_ZN7testing7MessageC2EPKc
FN:197,_ZN7testing7MessagelsEPFRSoS1_E
FN:203,_ZN7testing7MessagelsEb
FNDA:0,_ZN7testing7MessagelsIA256_cEERS0_RKT_
FNDA:0,_ZN7testing7MessagelsIA53_cEERS0_RKT_
FNDA:0,_ZN7testing7MessagelsIA40_cEERS0_RKT_
FNDA:0,_ZN7testing7MessagelsImEERS0_RKT_
FNDA:0,_ZN7testing7MessagelsIA93_cEERS0_RKT_
FNDA:0,_ZN7testing7MessagelsIA61_cEERS0_RKT_
FNDA:0,_ZN7testing7MessagelsINS_14TestPartResultEEERS0_RKT_
FNDA:0,_ZN7testing7MessagelsIA14_cEERS0_RKT_
FNDA:0,_ZN7testing7MessageC2ERKS0_
FNDA:21,_ZN7testing7MessagelsIKcEERS0_RKPT_
FNDA:21,_ZN7testing8internal18StreamableToStringIiEENSt7__cxx1112basic_stringIcSt11char_traitsIcESaIcEEERKT_
FNDA:20,_ZN7testing8internal18StreamableToStringIlEENSt7__cxx1112basic_stringIcSt11char_traitsIcESaIcEEERKT_
FNDA:20,_ZN7testing7MessagelsIlEERS0_RKT_
FNDA:0,_ZN7testing7MessagelsIA25_cEERS0_RKT_
FNDA:21,_ZN7testing7MessagelsIiEERS0_RKT_
FNDA:0,_ZN7testing7MessagelsIA22_cEERS0_RKT_
FNDA:0,_ZN7testing7MessagelsIA15_cEERS0_RKT_
FNDA:0,_ZN7testing7MessagelsIA12_cEERS0_RKT_
FNDA:0,_ZN7testing7MessagelsIA2_cEERS0_RKT_
FNDA:0,_ZN7testing7MessagelsIA39_cEERS0_RKT_
FNDA:0,_ZN7testing7MessagelsIA10_cEERS0_RKT_
FNDA:0,_ZN7testing7MessagelsIA62_cEERS0_RKT_
FNDA:0,_ZN7testing7MessagelsIA13_cEERS0_RKT_
FNDA:0,_ZN7testing7MessagelsIA28_cEERS0_RKT_
FNDA:0,_ZN7testing7MessagelsINSt7__cxx1112basic_stringIcSt11char_traitsIcESaIcEEEEERS0_RKT_
FNDA:0,_ZN7testing7MessagelsIA33_cEERS0_RKT_
FNDA:0,_ZN7testing7MessagelsIA47_cEERS0_RKT_
FNDA:0,_ZN7testing7MessagelsIA51_cEERS0_RKT_
FNDA:21,_ZN7testing7MessagelsIA7_cEERS0_RKT_
FNDA:0,_ZN7testing7MessagelsIA6_cEERS0_RKT_
FNDA:0,_ZN7testing7MessagelsIA21_cEERS0_RKT_
FNDA:0,_ZN7testing7MessagelsIA52_cEERS0_RKT_
FNDA:414,_ZN7testing7MessagelsIcEERS0_RKT_
FNDA:0,_ZN7testing7MessagelsIS0_EERS0_RKT_
FNDA:0,_ZN7testinglsERSoRKNS_7MessageE
FNDA:0,_ZN7testing7MessagelsIA50_cEERS0_RKT_
FNDA:0,_ZN7testing7MessagelsIA4_cEERS0_RKT_
FNDA:0,_ZN7testing7MessagelsIA20_cEERS0_RKT_
FNDA:0,_ZN7testing7MessagelsIA35_cEERS0_RKT_
FNDA:0,_ZN7testing7MessagelsIA3_cEERS0_RKT_
FNDA:0,_ZN7testing7MessagelsIA11_cEERS0_RKT_
FNDA:0,_ZN7testing7MessagelsIA16_cEERS0_RKT_
FNDA:0,_ZN7testing7MessagelsIA24_cEERS0_RKT_
FNDA:0,_ZN7testing7MessagelsIdEERS0_RKT_
FNDA:0,_ZN7testing7MessagelsIA27_cEERS0_RKT_
FNDA:0,_ZN7testing7MessagelsIA100_cEERS0_RKT_
FNDA:0,_ZN7testing7MessagelsIA106_cEERS0_RKT_
FNDA:0,_ZN7testing7MessagelsIA29_cEERS0_RKT_
FNDA:0,_ZN7testing7MessagelsIA5_cEERS0_RKT_
FNDA:0,_ZN7testing7MessagelsIA18_cEERS0_RKT_
FNDA:0,_ZN7testing7MessagelsIA65_cEERS0_RKT_
FNDA:0,_ZN7testing7MessagelsIA60_cEERS0_RKT_
FNDA:0,_ZN7testing7MessagelsIA30_cEERS0_RKT_
FNDA:0,_ZN7testing7MessagelsIA32_cEERS0_RKT_
FNDA:0,_ZN7testing7MessagelsIA63_cEERS0_RKT_
FNDA:0,_ZN7testing7MessagelsIA38_cEERS0_RKT_
FNDA:0,_ZN7testing7MessagelsIA68_cEERS0_RKT_
FNDA:0,_ZN7testing7MessagelsIA8_cEERS0_RKT_
FNDA:0,_ZN7testing7MessagelsIA41_cEERS0_RKT_
FNDA:0,_ZN7testing7MessagelsIA17_cEERS0_RKT_
FNDA:0,_ZN7testing7MessagelsIA19_cEERS0_RKT_
FNDA:0,_ZN7testing7MessagelsIA9_cEERS0_RKT_
FNDA:0,_ZN7testing7MessagelsIA48_cEERS0_RKT_
FNDA:1,_ZN7testing8internal18StreamableToStringIPcEENSt7__cxx1112basic_stringIcSt11char_traitsIcESaIcEEERKT_
FNDA:1,_ZN7testing7MessagelsIcEERS0_RKPT_
FNDA:0,_ZN7testing8internal18StreamableToStringIPwEENSt7__cxx1112basic_stringIcSt11char_traitsIcESaIcEEERKT_
FNDA:0,_ZN7testing7MessageC2EPKc
FNDA:0,_ZN7testing7MessagelsEPFRSoS1_E
FNDA:0,_ZN7testing7MessagelsEb
FNF:8
FNH:3
DA:112,0
DA:113,0
DA:114,0
DA:117,0
DA:118,0
DA:119,0
DA:132,476
DA:147,476
DA:148,476
DA:149,476
DA:150,476
DA:182,22
DA:183,22
DA:184,0
DA:185,22
DA:186,22
DA:187,22
DA:188,22
DA:189,22
DA:197,0
DA:198,0
DA:199,0
DA:200,0
DA:203,0
DA:232,0
DA:233,0
DA:234,0
DA:243,42
DA:244,42
DA:245,42
BRDA:183,0,0,0
BRDA:183,0,1,21
BRDA:183,1,2,0
BRDA:183,1,3,1
BRF:2
BRH:1
LF:30
LH:15
end_of_record
SF:/home/runner/work/ottr/ottr/build/_deps/googletest-src/googletest/include/gtest/gtest-param-test.h
FN:359,_ZN7testing4BoolEv
FN:335,_ZN7testing6ValuesIJbbEEENS_8internal10ValueArrayIJDpT_EEES4_
FN:310,_ZN7testing8ValuesInISt6vectorIbSaIbEEEENS_8internal14ParamGeneratorINT_10value_typeEEERKS6_
FN:297,_ZN7testing8ValuesInISt19_Bit_const_iteratorEENS_8internal14ParamGeneratorINSt15iterator_traitsIT_E10value_typeEEES5_S5_
FNDA:0,_ZN7testing4BoolEv
FNDA:0,_ZN7testing6ValuesIJbbEEENS_8internal10ValueArrayIJDpT_EEES4_
FNDA:0,_ZN7testing8ValuesInISt6vectorIbSaIbEEEENS_8internal14ParamGeneratorINT_10value_typeEEERKS6_
FNDA:0,_ZN7testing8ValuesInISt19_Bit_const_iteratorEENS_8internal14ParamGeneratorINSt15iterator_traitsIT_E10value_typeEEES5_S5_
FNF:4
FNH:0
DA:297,0
DA:298,0
DA:299,0
DA:300,0
DA:301,0
DA:310,0
DA:311,0
DA:312,0
DA:335,0
DA:336,0
DA:337,0
DA:359,0
BRF:0
BRH:0
LF:12
LH:0
end_of_record
SF:/home/runner/work/ottr/ottr/build/_deps/googletest-src/googletest/include/gtest/gtest-printers.h
FN:1148,_ZN7testing13PrintToStringIPKcEENSt7__cxx1112basic_stringIcSt11char_traitsIcESaIcEEERKT_
FN:1017,_ZN7testing8internal21UniversalTersePrinterIPKcE5PrintES3_PSo
FN:1108,_ZN7testing8internal14UniversalPrintINSt7__cxx1112basic_stringIcSt11char_traitsIcESaIcEEEEEvRKT_PSo
FN:799,_ZN7testing8internal16UniversalPrinterINSt7__cxx1112basic_stringIcSt11char_traitsIcESaIcEEEE5PrintERKS7_PSo
FN:660,_ZN7testing8internal7PrintToERKNSt7__cxx1112basic_stringIcSt11char_traitsIcESaIcEEEPSo
FN:1148,_ZN7testing13PrintToStringIPKwEENSt7__cxx1112basic_stringIcSt11char_traitsIcESaIcEEERKT_
FN:1080,_ZN7testing8internal21UniversalTersePrinterIPKwE5PrintES3_PSo
FN:1108,_ZN7testing8internal14UniversalPrintINSt7__cxx1112basic_stringIwSt11char_traitsIwESaIwEEEEEvRKT_PSo
FN:799,_ZN7testing8internal16UniversalPrinterINSt7__cxx1112basic_stringIwSt11char_traitsIwESaIwEEEE5PrintERKS7_PSo
FN:687,_ZN7testing8internal7PrintToERKNSt7__cxx1112basic_stringIwSt11char_traitsIwESaIwEEEPSo
FN:257,_ZN7testing8internal27ConvertibleToIntegerPrinter10PrintValueExPSo
FN:264,_ZN7testing8internal30ConvertibleToStringViewPrinter10PrintValueESt17basic_string_viewIcSt11char_traitsIcEEPSo
FN:405,_ZN7testing8internal19FormatForComparisonIPcNSt7__cxx1112basic_stringIcSt11char_traitsIcESaIcEEEE6FormatES2_
FN:405,_ZN7testing8internal19FormatForComparisonIPKcNSt7__cxx1112basic_stringIcSt11char_traitsIcESaIcEEEE6FormatES3_
FN:405,_ZN7testing8internal19FormatForComparisonIPDsNSt7__cxx1112basic_stringIDsSt11char_traitsIDsESaIDsEEEE6FormatES2_
FN:405,_ZN7testing8internal19FormatForComparisonIPKDsNSt7__cxx1112basic_stringIDsSt11char_traitsIDsESaIDsEEEE6FormatES3_
FN:405,_ZN7testing8internal19FormatForComparisonIPDiNSt7__cxx1112basic_stringIDiSt11char_traitsIDiESaIDiEEEE6FormatES2_
FN:405,_ZN7testing8internal19FormatForComparisonIPKDiNSt7__cxx1112basic_stringIDiSt11char_traitsIDiESaIDiEEEE6FormatES3_
FN:405,_ZN7testing8internal19FormatForComparisonIPwNSt7__cxx1112basic_stringIwSt11char_traitsIwESaIwEEEE6FormatES2_
FN:405,_ZN7testing8internal19FormatForComparisonIPKwNSt7__cxx1112basic_stringIwSt11char_traitsIwESaIwEEEE6FormatES3_
FN:825,_ZN7testing8internal16UniversalPrinterISt3anyE5PrintERKS2_PSo
FN:834,_ZN7testing8internal16UniversalPrinterISt3anyE11GetTypeNameB5cxx11ERKS2_
FN:867,_ZN7testing8internal16UniversalPrinterISt9nullopt_tE5PrintES2_PSo
FN:1049,_ZN7testing8internal21UniversalTersePrinterIPKDsE5PrintES3_PSo
FN:1064,_ZN7testing8internal21UniversalTersePrinterIPKDiE5PrintES3_PSo
FN:1093,_ZN7testing8internal21UniversalTersePrinterIPwE5PrintES2_PSo
FN:475,_ZN7testing8internal7PrintToEcPSo
FN:483,_ZN7testing8internal7PrintToEbPSo
FN:497,_ZN7testing8internal7PrintToEDsPSo
FN:579,_ZN7testing8internal7PrintToEfPSo
FN:586,_ZN7testing8internal7PrintToEdPSo
FN:595,_ZN7testing8internal7PrintToEPcPSo
FN:601,_ZN7testing8internal7PrintToEPKaPSo
FN:604,_ZN7testing8internal7PrintToEPaPSo
FN:607,_ZN7testing8internal7PrintToEPKhPSo
FN:610,_ZN7testing8internal7PrintToEPhPSo
FN:622,_ZN7testing8internal7PrintToEPDsPSo
FN:627,_ZN7testing8internal7PrintToEPDiPSo
FN:639,_ZN7testing8internal7PrintToEPwPSo
FN:674,_ZN7testing8internal7PrintToERKNSt7__cxx1112basic_stringIDsSt11char_traitsIDsESaIDsEEEPSo
FN:680,_ZN7testing8internal7PrintToERKNSt7__cxx1112basic_stringIDiSt11char_traitsIDiESaIDiEEEPSo
FN:694,_ZN7testing8internal7PrintToESt17basic_string_viewIcSt11char_traitsIcEEPSo
FN:699,_ZN7testing8internal7PrintToEDnPSo
FN:702,_ZN7testing8internal7PrintToERKSt9type_infoPSo
FN:712,_ZN7testing8internal14VoidifyPointerEPKv
FN:713,_ZN7testing8internal14VoidifyPointerEPVKv
FN:1108,_ZN7testing8internal14UniversalPrintISt17basic_string_viewIcSt11char_traitsIcEEEEvRKT_PSo
FN:799,_ZN7testing8internal16UniversalPrinterISt17basic_string_viewIcSt11char_traitsIcEEE5PrintERKS5_PSo
FN:1148,_ZN7testing13PrintToStringIPcEENSt7__cxx1112basic_stringIcSt11char_traitsIcESaIcEEERKT_
FN:1148,_ZN7testing13PrintToStringIPDsEENSt7__cxx1112basic_stringIcSt11char_traitsIcESaIcEEERKT_
FN:1148,_ZN7testing13PrintToStringIPKDsEENSt7__cxx1112basic_stringIcSt11char_traitsIcESaIcEEERKT_
FN:1148,_ZN7testing13PrintToStringIPDiEENSt7__cxx1112basic_stringIcSt11char_traitsIcESaIcEEERKT_
FN:1148,_ZN7testing13PrintToStringIPKDiEENSt7__cxx1112basic_stringIcSt11char_traitsIcESaIcEEERKT_
FN:1148,_ZN7testing13PrintToStringIPwEENSt7__cxx1112basic_stringIcSt11char_traitsIcESaIcEEERKT_
FN:529,_ZN7testing8internal21AppropriateResolutionIfEEiT_
FN:529,_ZN7testing8internal21AppropriateResolutionIdEEiT_
FN:464,_ZN7testing8internal7PrintToIPKvEEvRKT_PSo
FN:326,_ZN7testing8internal17PrintWithFallbackIPKvEEvRKT_PSo
FN:190,_ZN7testing8internal14PointerPrinter10PrintValueIKvEEvPT_PSo
FN:1108,_ZN7testing8internal14UniversalPrintINSt7__cxx1112basic_stringIDsSt11char_traitsIDsESaIDsEEEEEvRKT_PSo
FN:799,_ZN7testing8internal16UniversalPrinterINSt7__cxx1112basic_stringIDsSt11char_traitsIDsESaIDsEEEE5PrintERKS7_PSo
FN:1108,_ZN7testing8internal14UniversalPrintINSt7__cxx1112basic_stringIDiSt11char_traitsIDiESaIDiEEEEEvRKT_PSo
FN:799,_ZN7testing8internal16UniversalPrinterINSt7__cxx1112basic_stringIDiSt11char_traitsIDiESaIDiEEEE5PrintERKS7_PSo
FN:438,_ZN7testing8internal33FormatForComparisonFailureMessageIxxEENSt7__cxx1112basic_stringIcSt11char_traitsIcESaIcEEERKT_RKT0_
FN:357,_ZN7testing8internal19FormatForComparisonIxxE6FormatB5cxx11ERKx
FN:1148,_ZN7testing13PrintToStringIxEENSt7__cxx1112basic_stringIcSt11char_traitsIcESaIcEEERKT_
FN:989,_ZN7testing8internal21UniversalTersePrinterIxE5PrintERKxPSo
FN:1108,_ZN7testing8internal14UniversalPrintIxEEvRKT_PSo
FN:799,_ZN7testing8internal16UniversalPrinterIxE5PrintERKxPSo
FN:464,_ZN7testing8internal7PrintToIxEEvRKT_PSo
FN:326,_ZN7testing8internal17PrintWithFallbackIxEEvRKT_PSo
FN:222,_ZN7testing8internal52internal_stream_operator_without_lexical_name_lookup13StreamPrinter10PrintValueIxvEEDTcvvlsdefp0_fp_ERKT_PSo
FNDA:0,_ZN7testing13PrintToStringIPKcEENSt7__cxx1112basic_stringIcSt11char_traitsIcESaIcEEERKT_
FNDA:0,_ZN7testing8internal21UniversalTersePrinterIPKcE5PrintES3_PSo
FNDA:0,_ZN7testing8internal14UniversalPrintINSt7__cxx1112basic_stringIcSt11char_traitsIcESaIcEEEEEvRKT_PSo
FNDA:0,_ZN7testing8internal16UniversalPrinterINSt7__cxx1112basic_stringIcSt11char_traitsIcESaIcEEEE5PrintERKS7_PSo
FNDA:0,_ZN7testing8internal7PrintToERKNSt7__cxx1112basic_stringIcSt11char_traitsIcESaIcEEEPSo
FNDA:0,_ZN7testing13PrintToStringIPKwEENSt7__cxx1112basic_stringIcSt11char_traitsIcESaIcEEERKT_
FNDA:0,_ZN7testing8internal21UniversalTersePrinterIPKwE5PrintES3_PSo
FNDA:0,_ZN7testing8internal14UniversalPrintINSt7__cxx1112basic_stringIwSt11char_traitsIwESaIwEEEEEvRKT_PSo
FNDA:0,_ZN7testing8internal16UniversalPrinterINSt7__cxx1112basic_stringIwSt11char_traitsIwESaIwEEEE5PrintERKS7_PSo
FNDA:0,_ZN7testing8internal7PrintToERKNSt7__cxx1112basic_stringIwSt11char_traitsIwESaIwEEEPSo
FNDA:0,_ZN7testing8internal27ConvertibleToIntegerPrinter10PrintValueExPSo
FNDA:0,_ZN7testing8internal30ConvertibleToStringViewPrinter10PrintValueESt17basic_string_viewIcSt11char_traitsIcEEPSo
FNDA:0,_ZN7testing8internal19FormatForComparisonIPcNSt7__cxx1112basic_stringIcSt11char_traitsIcESaIcEEEE6FormatES2_
FNDA:0,_ZN7testing8internal19FormatForComparisonIPKcNSt7__cxx1112basic_stringIcSt11char_traitsIcESaIcEEEE6FormatES3_
FNDA:0,_ZN7testing8internal19FormatForComparisonIPDsNSt7__cxx1112basic_stringIDsSt11char_traitsIDsESaIDsEEEE6FormatES2_
FNDA:0,_ZN7testing8internal19FormatForComparisonIPKDsNSt7__cxx1112basic_stringIDsSt11char_traitsIDsESaIDsEEEE6FormatES3_
FNDA:0,_ZN7testing8internal19FormatForComparisonIPDiNSt7__cxx1112basic_stringIDiSt11char_traitsIDiESaIDiEEEE6FormatES2_
FNDA:0,_ZN7testing8internal19FormatForComparisonIPKDiNSt7__cxx1112basic_stringIDiSt11char_traitsIDiESaIDiEEEE6FormatES3_
FNDA:0,_ZN7testing8internal19FormatForComparisonIPwNSt7__cxx1112basic_stringIwSt11char_traitsIwESaIwEEEE6FormatES2_
FNDA:0,_ZN7testing8internal19FormatForComparisonIPKwNSt7__cxx1112basic_stringIwSt11char_traitsIwESaIwEEEE6FormatES3_
FNDA:0,_ZN7testing8internal16UniversalPrinterISt3anyE5PrintERKS2_PSo
FNDA:0,_ZN7testing8internal16UniversalPrinterISt3anyE11GetTypeNameB5cxx11ERKS2_
FNDA:0,_ZN7testing8internal16UniversalPrinterISt9nullopt_tE5PrintES2_PSo
FNDA:0,_ZN7testing8internal21UniversalTersePrinterIPKDsE5PrintES3_PSo
FNDA:0,_ZN7testing8internal21UniversalTersePrinterIPKDiE5PrintES3_PSo
FNDA:0,_ZN7testing8internal21UniversalTersePrinterIPwE5PrintES2_PSo
FNDA:0,_ZN7testing8internal7PrintToEcPSo
FNDA:0,_ZN7testing8internal7PrintToEbPSo
FNDA:0,_ZN7testing8internal7PrintToEDsPSo
FNDA:0,_ZN7testing8internal7PrintToEfPSo
FNDA:0,_ZN7testing8internal7PrintToEdPSo
FNDA:0,_ZN7testing8internal7PrintToEPcPSo
FNDA:0,_ZN7testing8internal7PrintToEPKaPSo
FNDA:0,_ZN7testing8internal7PrintToEPaPSo
FNDA:0,_ZN7testing8internal7PrintToEPKhPSo
FNDA:0,_ZN7testing8internal7PrintToEPhPSo
FNDA:0,_ZN7testing8internal7PrintToEPDsPSo
FNDA:0,_ZN7testing8internal7PrintToEPDiPSo
FNDA:0,_ZN7testing8internal7PrintToEPwPSo
FNDA:0,_ZN7testing8internal7PrintToERKNSt7__cxx1112basic_stringIDsSt11char_traitsIDsESaIDsEEEPSo
FNDA:0,_ZN7testing8internal7PrintToERKNSt7__cxx1112basic_stringIDiSt11char_traitsIDiESaIDiEEEPSo
FNDA:0,_ZN7testing8internal7PrintToESt17basic_string_viewIcSt11char_traitsIcEEPSo
FNDA:0,_ZN7testing8internal7PrintToEDnPSo
FNDA:0,_ZN7testing8internal7PrintToERKSt9type_infoPSo
FNDA:0,_ZN7testing8internal14VoidifyPointerEPKv
FNDA:0,_ZN7testing8internal14VoidifyPointerEPVKv
FNDA:0,_ZN7testing8internal14UniversalPrintISt17basic_string_viewIcSt11char_traitsIcEEEEvRKT_PSo
FNDA:0,_ZN7testing8internal16UniversalPrinterISt17basic_string_viewIcSt11char_traitsIcEEE5PrintERKS5_PSo
FNDA:0,_ZN7testing13PrintToStringIPcEENSt7__cxx1112basic_stringIcSt11char_traitsIcESaIcEEERKT_
FNDA:0,_ZN7testing13PrintToStringIPDsEENSt7__cxx1112basic_stringIcSt11char_traitsIcESaIcEEERKT_
FNDA:0,_ZN7testing13PrintToStringIPKDsEENSt7__cxx1112basic_stringIcSt11char_traitsIcESaIcEEERKT_
FNDA:0,_ZN7testing13PrintToStringIPDiEENSt7__cxx1112basic_stringIcSt11char_traitsIcESaIcEEERKT_
FNDA:0,_ZN7testing13PrintToStringIPKDiEENSt7__cxx1112basic_stringIcSt11char_traitsIcESaIcEEERKT_
FNDA:0,_ZN7testing13PrintToStringIPwEENSt7__cxx1112basic_stringIcSt11char_traitsIcESaIcEEERKT_
FNDA:0,_ZN7testing8internal21AppropriateResolutionIfEEiT_
FNDA:0,_ZN7testing8internal21AppropriateResolutionIdEEiT_
FNDA:0,_ZN7testing8internal7PrintToIPKvEEvRKT_PSo
FNDA:0,_ZN7testing8internal17PrintWithFallbackIPKvEEvRKT_PSo
FNDA:0,_ZN7testing8internal14PointerPrinter10PrintValueIKvEEvPT_PSo
FNDA:0,_ZN7testing8internal14UniversalPrintINSt7__cxx1112basic_stringIDsSt11char_traitsIDsESaIDsEEEEEvRKT_PSo
FNDA:0,_ZN7testing8internal16UniversalPrinterINSt7__cxx1112basic_stringIDsSt11char_traitsIDsESaIDsEEEE5PrintERKS7_PSo
FNDA:0,_ZN7testing8internal14UniversalPrintINSt7__cxx1112basic_stringIDiSt11char_traitsIDiESaIDiEEEEEvRKT_PSo
FNDA:0,_ZN7testing8internal16UniversalPrinterINSt7__cxx1112basic_stringIDiSt11char_traitsIDiESaIDiEEEE5PrintERKS7_PSo
FNDA:0,_ZN7testing8internal33FormatForComparisonFailureMessageIxxEENSt7__cxx1112basic_stringIcSt11char_traitsIcESaIcEEERKT_RKT0_
FNDA:0,_ZN7testing8internal19FormatForComparisonIxxE6FormatB5cxx11ERKx
FNDA:0,_ZN7testing13PrintToStringIxEENSt7__cxx1112basic_stringIcSt11char_traitsIcESaIcEEERKT_
FNDA:0,_ZN7testing8internal21UniversalTersePrinterIxE5PrintERKxPSo
FNDA:0,_ZN7testing8internal14UniversalPrintIxEEvRKT_PSo
FNDA:0,_ZN7testing8internal16UniversalPrinterIxE5PrintERKxPSo
FNDA:0,_ZN7testing8internal7PrintToIxEEvRKT_PSo
FNDA:0,_ZN7testing8internal17PrintWithFallbackIxEEvRKT_PSo
FNDA:0,_ZN7testing8internal52internal_stream_operator_without_lexical_name_lookup13StreamPrinter10PrintValueIxvEEDTcvvlsdefp0_fp_ERKT_PSo
FNF:44
FNH:0
DA:190,0
DA:191,0
DA:192,0
DA:193,0
DA:194,0
DA:195,0
DA:196,0
DA:197,0
DA:198,0
DA:199,0
DA:222,0
DA:223,0
DA:224,0
DA:225,0
DA:226,0
DA:257,0
DA:258,0
DA:259,0
DA:264,0
DA:265,0
DA:266,0
DA:326,0
DA:327,0
DA:328,0
DA:329,0
DA:330,0
DA:331,0
DA:332,0
DA:333,0
DA:334,0
DA:335,0
DA:336,0
DA:337,0
DA:357,0
DA:358,0
DA:359,0
DA:405,0
DA:406,0
DA:407,0
DA:438,0
DA:439,0
DA:440,0
DA:464,0
DA:465,0
DA:466,0
DA:475,0
DA:476,0
DA:477,0
DA:478,0
DA:479,0
DA:480,0
DA:483,0
DA:484,0
DA:485,0
DA:497,0
DA:498,0
DA:499,0
DA:529,0
DA:530,0
DA:531,0
DA:532,0
DA:533,0
DA:534,0
DA:535,0
DA:536,0
DA:537,0
DA:538,0
DA:539,0
DA:540,0
DA:541,0
DA:542,0
DA:543,0
DA:544,0
DA:545,0
DA:546,0
DA:547,0
DA:548,0
DA:549,0
DA:550,0
DA:551,0
DA:552,0
DA:553,0
DA:554,0
DA:555,0
DA:556,0
DA:557,0
DA:558,0
DA:559,0
DA:560,0
DA:561,0
DA:562,0
DA:563,0
DA:564,0
DA:565,0
DA:566,0
DA:567,0
DA:568,0
DA:569,0
DA:570,0
DA:571,0
DA:572,0
DA:573,0
DA:574,0
DA:575,0
DA:576,0
DA:577,0
DA:579,0
DA:580,0
DA:581,0
DA:582,0
DA:583,0
DA:584,0
DA:586,0
DA:587,0
DA:588,0
DA:589,0
DA:590,0
DA:591,0
DA:595,0
DA:596,0
DA:597,0
DA:601,0
DA:602,0
DA:603,0
DA:604,0
DA:605,0
DA:606,0
DA:607,0
DA:608,0
DA:609,0
DA:610,0
DA:611,0
DA:612,0
DA:622,0
DA:623,0
DA:624,0
DA:627,0
DA:628,0
DA:629,0
DA:639,0
DA:640,0
DA:641,0
DA:660,0
DA:661,0
DA:662,0
DA:674,0
DA:675,0
DA:676,0
DA:680,0
DA:681,0
DA:682,0
DA:687,0
DA:688,0
DA:689,0
DA:694,0
DA:695,0
DA:696,0
DA:699,0
DA:702,0
DA:703,0
DA:704,0
DA:712,0
DA:713,0
DA:714,0
DA:715,0
DA:799,0
DA:808,0
DA:809,0
DA:825,0
DA:826,0
DA:827,0
DA:828,0
DA:829,0
DA:830,0
DA:831,0
DA:834,0
DA:835,0
DA:836,0
DA:837,0
DA:838,0
DA:839,0
DA:840,0
DA:841,0
DA:867,0
DA:868,0
DA:869,0
DA:989,0
DA:990,0
DA:991,0
DA:1017,0
DA:1018,0
DA:1019,0
DA:1020,0
DA:1021,0
DA:1022,0
DA:1023,0
DA:1049,0
DA:1050,0
DA:1051,0
DA:1052,0
DA:1053,0
DA:1054,0
DA:1055,0
DA:1064,0
DA:1065,0
DA:1066,0
DA:1067,0
DA:1068,0
DA:1069,0
DA:1070,0
DA:1080,0
DA:1081,0
DA:1082,0
DA:1083,0
DA:1084,0
DA:1085,0
DA:1086,0
DA:1093,0
DA:1094,0
DA:1095,0
DA:1108,0
DA:1111,0
DA:1112,0
DA:1113,0
DA:1148,0
DA:1149,0
DA:1150,0
DA:1151,0
DA:1152,0
BRDA:1018,0,0,-
BRDA:1018,0,1,-
BRDA:1081,0,0,-
BRDA:1081,0,1,-
BRF:4
BRH:0
LF:239
LH:0
end_of_record
SF:/home/runner/work/ottr/ottr/build/_deps/googletest-src/googletest/include/gtest/gtest-test-part.h
FN:81,_ZNK7testing14TestPartResult9file_nameEv
FN:87,_ZNK7testing14TestPartResult11line_numberEv
FN:77,_ZNK7testing14TestPartResult4typeEv
FN:93,_ZNK7testing14TestPartResult7messageEv
FN:157,_ZN7testing31TestPartResultReporterInterfaceD2Ev
FN:105,_ZNK7testing14TestPartResult14fatally_failedEv
FN:108,_ZNK7testing14TestPartResult6failedEv
FN:102,_ZNK7testing14TestPartResult17nonfatally_failedEv
FN:70,_ZN7testing14TestPartResultC2ENS0_4TypeEPKciS3_
FN:90,_ZNK7testing14TestPartResult7summaryEv
FN:96,_ZNK7testing14TestPartResult7skippedEv
FN:99,_ZNK7testing14TestPartResult6passedEv
FN:176,_ZNK7testing8internal24HasNewFatalFailureHelper21has_new_fatal_failureEv
FNDA:0,_ZNK7testing14TestPartResult9file_nameEv
FNDA:0,_ZNK7testing14TestPartResult11line_numberEv
FNDA:0,_ZNK7testing14TestPartResult4typeEv
FNDA:0,_ZNK7testing14TestPartResult7messageEv
FNDA:0,_ZN7testing31TestPartResultReporterInterfaceD2Ev
FNDA:0,_ZNK7testing14TestPartResult14fatally_failedEv
FNDA:0,_ZNK7testing14TestPartResult6failedEv
FNDA:0,_ZNK7testing14TestPartResult17nonfatally_failedEv
FNDA:0,_ZN7testing14TestPartResultC2ENS0_4TypeEPKciS3_
FNDA:0,_ZNK7testing14TestPartResult7summaryEv
FNDA:0,_ZNK7testing14TestPartResult7skippedEv
FNDA:0,_ZNK7testing14TestPartResult6passedEv
FNDA:0,_ZNK7testing8internal24HasNewFatalFailureHelper21has_new_fatal_failureEv
FNF:13
FNH:0
DA:70,0
DA:71,0
DA:72,0
DA:73,0
DA:74,0
DA:77,0
DA:81,0
DA:82,0
DA:83,0
DA:87,0
DA:90,0
DA:93,0
DA:96,0
DA:99,0
DA:102,0
DA:105,0
DA:108,0
DA:157,0
DA:176,0
BRDA:71,0,0,-
BRDA:71,0,1,-
BRDA:82,0,0,-
BRDA:82,0,1,-
BRDA:108,0,0,-
BRDA:108,0,1,-
BRDA:108,1,2,-
BRDA:108,1,3,-
BRF:8
BRH:0
LF:19
LH:0
end_of_record
SF:/home/runner/work/ottr/ottr/build/_deps/googletest-src/googletest/include/gtest/gtest.h
FN:600,_ZNK7testing8TestInfo6resultEv
FN:492,_ZNK7testing10TestResult16death_test_countEv
FN:541,_ZNK7testing8TestInfo15test_suite_nameEv
FN:549,_ZNK7testing8TestInfo4nameEv
FN:628,_ZN7testing8TestInfo26increment_death_test_countEv
FN:495,_ZN7testing10TestResult26increment_death_test_countEv
FN:1619,_ZN7testing8internal12AssertHelper16AssertHelperDataC2ENS_14TestPartResult4TypeEPKciS6_
FN:1267,_ZN7testing8UnitTest4implEv
FN:732,_ZNK7testing9TestSuite6PassedEv
FN:379,_ZNK7testing12TestProperty3keyEv
FN:385,_ZN7testing12TestProperty8SetValueERKNSt7__cxx1112basic_stringIcSt11char_traitsIcESaIcEEE
FN:382,_ZNK7testing12TestProperty5valueEv
FN:762,_ZNK7testing9TestSuite14test_info_listEv
FN:468,_ZN7testing10TestResult19set_start_timestampEl
FN:336,_ZN7testing4Test11DeleteSelf_Ev
FN:471,_ZN7testing10TestResult16set_elapsed_timeEl
FN:566,_ZNK7testing8TestInfo4fileEv
FN:569,_ZNK7testing8TestInfo4lineEv
FN:808,_ZN7testing9TestSuite10TestPassedEPKNS_8TestInfoE
FN:813,_ZN7testing9TestSuite11TestSkippedEPKNS_8TestInfoE
FN:818,_ZN7testing9TestSuite10TestFailedEPKNS_8TestInfoE
FN:824,_ZN7testing9TestSuite22TestReportableDisabledEPKNS_8TestInfoE
FN:829,_ZN7testing9TestSuite12TestDisabledEPKNS_8TestInfoE
FN:834,_ZN7testing9TestSuite14TestReportableEPKNS_8TestInfoE
FN:839,_ZN7testing9TestSuite13ShouldRunTestEPKNS_8TestInfoE
FN:793,_ZN7testing9TestSuite17RunSetUpTestSuiteEv
FN:752,_ZNK7testing9TestSuite18ad_hoc_test_resultEv
FN:801,_ZN7testing9TestSuite20RunTearDownTestSuiteEv
FN:639,_ZN7testing8TestInfo15ClearTestResultEPS0_
[...]
BRDA:6592,0,0,-
BRDA:6592,0,1,-
BRDA:6593,0,0,-
BRDA:6593,0,1,-
BRDA:6594,0,0,-
BRDA:6594,0,1,-
BRDA:6595,0,0,-
BRDA:6595,0,1,-
BRDA:6596,0,0,-
BRDA:6596,0,1,-
BRDA:6597,0,0,-
BRDA:6597,0,1,-
BRDA:6598,0,0,-
BRDA:6598,0,1,-
BRDA:6599,0,0,-
BRDA:6599,0,1,-
BRDA:6600,0,0,-
BRDA:6600,0,1,-
BRDA:6601,0,0,-
BRDA:6601,0,1,-
BRDA:6602,0,0,-
BRDA:6602,0,1,-
BRDA:6603,0,0,-
BRDA:6603,0,1,-
BRDA:6604,0,0,-
BRDA:6604,0,1,-
BRDA:6611,0,0,-
BRDA:6611,0,1,-
BRDA:6619,0,0,-
BRDA:6619,0,1,-
BRDA:6620,0,0,-
BRDA:6620,0,1,-
BRDA:6621,0,0,-
BRDA:6621,0,1,-
BRDA:6632,0,0,0
BRDA:6632,0,1,1
BRDA:6632,1,2,-
BRDA:6632,1,3,-
BRDA:6639,0,0,-
BRDA:6639,0,1,-
BRDA:6639,1,2,-
BRDA:6639,1,3,-
BRDA:6642,0,0,-
BRDA:6642,0,1,-
BRDA:6642,1,2,-
BRDA:6642,1,3,-
BRDA:6647,0,0,-
BRDA:6647,0,1,-
BRDA:6647,1,2,-
BRDA:6647,1,3,-
BRDA:6647,2,4,-
BRDA:6647,2,5,-
BRDA:6647,3,6,-
BRDA:6647,3,7,-
BRDA:6653,0,0,-
BRDA:6653,0,1,-
BRDA:6653,1,2,-
BRDA:6653,1,3,-
BRDA:6658,0,0,-
BRDA:6658,0,1,-
BRDA:6658,1,2,-
BRDA:6658,1,3,-
BRDA:6671,0,0,-
BRDA:6671,0,1,-
BRDA:6671,1,2,0
BRDA:6671,1,3,1
BRDA:6760,0,0,0
BRDA:6760,0,1,1
BRDA:6760,1,2,-
BRDA:6760,1,3,-
BRDA:6762,0,0,-
BRDA:6762,0,1,-
BRDA:6762,1,2,0
BRDA:6762,1,3,1
BRDA:6765,0,0,1
BRDA:6765,0,1,1
BRDA:6765,1,2,-
BRDA:6765,1,3,-
BRDA:6837,0,0,-
BRDA:6837,0,1,-
BRDA:6839,0,0,-
BRDA:6839,0,1,-
BRDA:6839,1,2,-
BRDA:6839,1,3,-
BRDA:6840,0,0,-
BRDA:6840,0,1,-
BRF:1238
BRH:186
LF:3419
LH:886
end_of_record
SF:/home/runner/work/ottr/ottr/build/_deps/googletest-src/googletest/src/gtest_main.cc
FN:61,main
FNDA:1,main
FNF:1
FNH:1
DA:61,1
DA:62,1
DA:63,1
DA:64,1
DA:65,1
BRF:0
BRH:0
LF:5
LH:5
end_of_record
SF:/home/runner/work/ottr/ottr/src/alloc.cpp
FN:13,_ZN4ottr17allocate_weightedERKNS_17AllocationRequestE
FN:39,alloc.cpp:_ZZN4ottr17allocate_weightedERKNS_17AllocationRequestEENK3$_0clERKSt6vectorINS_8WorkItemESaIS5_EE
FNDA:9,_ZN4ottr17allocate_weightedERKNS_17AllocationRequestE
FNDA:5,alloc.cpp:_ZZN4ottr17allocate_weightedERKNS_17AllocationRequestEENK3$_0clERKSt6vectorINS_8WorkItemESaIS5_EE
FNF:2
FNH:2
DA:13,9
DA:14,9
DA:15,9
DA:17,9
DA:18,18
DA:19,18
DA:20,18
DA:21,9
DA:23,9
DA:24,9
DA:25,9
DA:26,27
DA:27,18
DA:28,18
DA:29,18
DA:30,18
DA:31,18
DA:32,18
DA:33,18
DA:34,18
DA:36,9
DA:37,9
DA:39,9
DA:40,5
DA:42,10
DA:43,10
DA:44,10
DA:45,10
DA:46,10
DA:48,10
DA:49,2
DA:50,2
DA:51,2
DA:53,8
DA:54,1
DA:55,1
DA:56,1
DA:58,7
DA:59,7
DA:60,14
DA:61,14
DA:62,14
DA:63,14
DA:64,7
DA:65,1
DA:66,1
DA:67,1
DA:69,6
DA:70,6
DA:71,5
DA:72,5
DA:75,9
DA:76,27
DA:77,18
DA:78,18
DA:79,18
DA:80,18
DA:81,18
DA:82,18
DA:85,14
DA:86,5
DA:88,7
DA:89,7
DA:90,7
DA:91,5
DA:92,5
DA:93,5
DA:95,9
DA:96,9
BRDA:15,0,0,0
BRDA:15,0,1,9
BRDA:15,1,2,0
BRDA:15,1,3,9
BRDA:18,0,0,18
BRDA:18,0,1,9
BRDA:19,0,0,18
BRDA:19,0,1,0
BRDA:21,0,0,0
BRDA:21,0,1,9
BRDA:26,0,0,18
BRDA:26,0,1,9
BRDA:28,0,0,0
BRDA:28,0,1,18
BRDA:37,0,0,0
BRDA:37,0,1,9
BRDA:42,0,0,10
BRDA:42,0,1,5
BRDA:48,0,0,2
BRDA:48,0,1,8
BRDA:49,0,0,1
BRDA:49,0,1,1
BRDA:53,0,0,1
BRDA:53,0,1,7
BRDA:54,0,0,0
BRDA:54,0,1,1
BRDA:60,0,0,14
BRDA:60,0,1,7
BRDA:61,0,0,7
BRDA:61,0,1,7
BRDA:62,0,0,7
BRDA:62,0,1,7
BRDA:64,0,0,1
BRDA:64,0,1,6
BRDA:65,0,0,1
BRDA:65,0,1,0
BRDA:69,0,0,0
BRDA:69,0,1,6
BRDA:76,0,0,18
BRDA:76,0,1,9
BRDA:80,0,0,18
BRDA:80,0,1,9
BRDA:85,0,0,5
BRDA:85,0,1,9
BRDA:85,1,2,5
BRDA:85,1,3,0
BRDA:88,0,0,7
BRDA:88,0,1,0
BRDA:89,0,0,5
BRDA:89,0,1,2
BRF:50
BRH:39
LF:98
LH:98
end_of_record
SF:/home/runner/work/ottr/ottr/src/engine.cpp
FN:20,_ZN4ottr13process_worldERKNS_5WorldERKNS_13EngineOptionsERNS_11AggregationERNSt7__cxx1112basic_stringIcSt11char_traitsIcESaIcEEE
FN:13,engine.cpp:_ZN4ottrL14add_allocationERNS_11AggregationERKNS_4DateERKNSt7__cxx1112basic_stringIcSt11char_traitsIcESaIcEEEx
FN:31,engine.cpp:_ZZN4ottr13process_worldERKNS_5WorldERKNS_13EngineOptionsERNS_11AggregationERNSt7__cxx1112basic_stringIcSt11char_traitsIcESaIcEEEENK3$_0clEPKNS_3DayESI_
FNDA:3,_ZN4ottr13process_worldERKNS_5WorldERKNS_13EngineOptionsERNS_11AggregationERNSt7__cxx1112basic_stringIcSt11char_traitsIcESaIcEEE
FNDA:10,engine.cpp:_ZN4ottrL14add_allocationERNS_11AggregationERKNS_4DateERKNSt7__cxx1112basic_stringIcSt11char_traitsIcESaIcEEEx
FNDA:2,engine.cpp:_ZZN4ottr13process_worldERKNS_5WorldERKNS_13EngineOptionsERNS_11AggregationERNSt7__cxx1112basic_stringIcSt11char_traitsIcESaIcEEEENK3$_0clEPKNS_3DayESI_
FNF:3
FNH:3
DA:13,10
DA:14,10
DA:15,10
DA:16,10
DA:17,10
DA:18,10
DA:20,3
DA:21,3
DA:24,3
DA:25,3
DA:26,5
DA:27,5
DA:28,4
DA:29,4
DA:30,5
DA:31,3
DA:32,3
DA:33,4
DA:35,3
DA:37,4
DA:38,4
DA:39,4
DA:40,10
DA:41,6
DA:42,6
DA:43,6
DA:44,6
DA:45,6
DA:46,0
DA:47,0
DA:48,6
DA:49,2
DA:50,2
DA:51,2
DA:52,2
DA:55,4
DA:56,4
DA:57,0
DA:58,0
DA:59,0
DA:60,0
DA:61,4
DA:62,4
DA:64,0
DA:65,0
DA:66,4
DA:68,4
DA:71,4
DA:72,4
DA:73,4
DA:74,8
DA:75,8
DA:76,8
DA:77,8
DA:78,8
DA:79,8
DA:80,8
DA:81,8
DA:82,8
DA:84,0
DA:85,0
DA:87,8
DA:88,8
DA:89,4
DA:90,8
DA:91,8
DA:92,8
DA:93,8
DA:94,8
DA:95,8
DA:96,4
DA:97,4
DA:99,3
DA:100,3
BRDA:14,0,0,0
BRDA:14,0,1,10
BRDA:26,0,0,5
BRDA:26,0,1,3
BRDA:27,0,0,4
BRDA:27,0,1,1
BRDA:33,0,0,4
BRDA:33,0,1,3
BRDA:37,0,0,4
BRDA:37,0,1,3
BRDA:39,0,0,0
BRDA:39,0,1,4
BRDA:40,0,0,6
BRDA:40,0,1,4
BRDA:44,0,0,0
BRDA:44,0,1,6
BRDA:45,0,0,0
BRDA:45,0,1,6
BRDA:48,0,0,2
BRDA:48,0,1,4
BRDA:56,0,0,0
BRDA:56,0,1,4
BRDA:62,0,0,0
BRDA:62,0,1,4
BRDA:68,0,0,0
BRDA:68,0,1,4
BRDA:74,0,0,8
BRDA:74,0,1,4
BRDA:79,0,0,8
BRDA:79,0,1,0
BRDA:90,0,0,8
BRDA:90,0,1,4
BRDA:91,0,0,8
BRDA:91,0,1,0
BRF:34
BRH:25
LF:75
LH:65
end_of_record
SF:/home/runner/work/ottr/ottr/src/model.cpp
FN:5,_ZNK4ottr10DateFilter8includesERKNS_4DateE
FNDA:5,_ZNK4ottr10DateFilter8includesERKNS_4DateE
FNF:1
FNH:1
DA:5,5
DA:6,5
DA:7,5
DA:8,2
DA:9,2
DA:10,2
BRDA:6,0,0,0
BRDA:6,0,1,5
BRDA:6,1,2,-
BRDA:6,1,3,-
BRDA:7,0,0,5
BRDA:7,0,1,0
BRDA:7,1,2,3
BRDA:7,1,3,2
BRDA:8,0,0,0
BRDA:8,0,1,2
BRDA:8,1,2,-
BRDA:8,1,3,-
BRDA:9,0,0,2
BRDA:9,0,1,0
BRDA:9,1,2,2
BRDA:9,1,3,0
BRF:16
BRH:7
LF:6
LH:6
end_of_record
SF:/home/runner/work/ottr/ottr/src/parser.cpp
FN:11,_ZN4ottr13tokenize_lineERKNSt7__cxx1112basic_stringIcSt11char_traitsIcESaIcEEE
FN:62,_ZN4ottr13parse_istreamERSiRKNSt7__cxx1112basic_stringIcSt11char_traitsIcESaIcEEERNS_5WorldERS6_
FN:169,_ZN4ottr10parse_fileERKNSt7__cxx1112basic_stringIcSt11char_traitsIcESaIcEEERNS_5WorldERS5_
FN:55,parser.cpp:_ZN4ottrL11parse_errorERKNSt7__cxx1112basic_stringIcSt11char_traitsIcESaIcEEEiS7_RS5_
FN:67,parser.cpp:_ZZN4ottr13parse_istreamERSiRKNSt7__cxx1112basic_stringIcSt11char_traitsIcESaIcEEERNS_5WorldERS6_ENK3$_0clEi
FNDA:60,_ZN4ottr13tokenize_lineERKNSt7__cxx1112basic_stringIcSt11char_traitsIcESaIcEEE
FNDA:9,_ZN4ottr13parse_istreamERSiRKNSt7__cxx1112basic_stringIcSt11char_traitsIcESaIcEEERNS_5WorldERS6_
FNDA:0,_ZN4ottr10parse_fileERKNSt7__cxx1112basic_stringIcSt11char_traitsIcESaIcEEERNS_5WorldERS5_
FNDA:4,parser.cpp:_ZN4ottrL11parse_errorERKNSt7__cxx1112basic_stringIcSt11char_traitsIcESaIcEEEiS7_RS5_
FNDA:8,parser.cpp:_ZZN4ottr13parse_istreamERSiRKNSt7__cxx1112basic_stringIcSt11char_traitsIcESaIcEEERNS_5WorldERS6_ENK3$_0clEi
FNF:5
FNH:4
DA:11,60
DA:12,60
DA:13,60
DA:14,60
DA:15,60
DA:17,781
DA:18,725
DA:19,725
DA:20,570
DA:21,4
DA:22,566
DA:23,21
DA:24,21
DA:25,545
DA:26,122
DA:27,423
DA:28,423
DA:29,423
DA:30,570
DA:31,155
DA:32,2
DA:33,0
DA:34,2
DA:35,153
DA:36,2
DA:37,151
DA:39,21
DA:40,21
DA:41,21
DA:42,130
DA:43,130
DA:44,130
DA:45,155
DA:46,725
DA:47,60
DA:49,60
DA:50,0
DA:51,0
DA:52,60
DA:53,60
DA:55,4
DA:56,4
DA:57,4
DA:58,4
DA:59,4
DA:60,4
DA:62,9
DA:63,9
DA:64,9
DA:65,9
DA:67,9
DA:68,8
DA:69,1
DA:70,1
DA:71,0
DA:72,0
DA:73,1
DA:74,1
DA:76,64
DA:77,58
DA:78,58
DA:79,58
DA:80,51
DA:81,51
DA:82,10
DA:83,10
DA:84,10
DA:85,10
DA:86,10
DA:87,10
DA:88,9
DA:89,9
DA:90,9
DA:91,4
DA:92,4
DA:93,4
DA:94,4
DA:95,9
DA:96,9
DA:97,9
DA:98,9
DA:99,9
DA:100,9
DA:101,9
DA:102,41
DA:103,7
DA:104,7
DA:105,7
DA:106,7
DA:107,7
DA:108,7
DA:109,7
DA:110,7
DA:111,34
DA:112,8
DA:113,8
DA:114,8
DA:115,8
DA:116,8
DA:118,8
DA:119,8
DA:120,8
DA:121,26
DA:122,8
DA:123,8
DA:124,8
DA:125,8
DA:127,8
DA:128,8
DA:129,8
DA:130,8
DA:131,8
DA:132,18
DA:133,18
DA:134,17
DA:135,17
DA:136,17
DA:137,17
DA:138,17
DA:139,16
DA:140,16
DA:141,16
DA:142,16
DA:143,9
DA:145,9
DA:146,2
DA:147,1
DA:148,9
DA:149,2
DA:150,2
DA:151,2
DA:152,9
DA:153,7
DA:154,7
DA:155,16
DA:156,16
DA:157,0
DA:158,0
DA:159,51
DA:162,6
DA:163,1
DA:164,1
DA:166,5
DA:167,6
DA:169,0
DA:170,0
DA:171,0
DA:172,0
DA:173,0
DA:174,0
DA:175,0
DA:176,0
BRDA:17,0,0,725
BRDA:17,0,1,56
BRDA:19,0,0,570
BRDA:19,0,1,155
BRDA:20,0,0,4
BRDA:20,0,1,566
BRDA:22,0,0,21
BRDA:22,0,1,545
BRDA:23,0,0,0
BRDA:23,0,1,21
BRDA:25,0,0,122
BRDA:25,0,1,423
BRDA:26,0,0,106
BRDA:26,0,1,16
BRDA:31,0,0,2
BRDA:31,0,1,153
BRDA:32,0,0,2
BRDA:32,0,1,0
BRDA:32,1,2,-
BRDA:32,1,3,-
BRDA:35,0,0,2
BRDA:35,0,1,151
BRDA:37,0,0,21
BRDA:37,0,1,130
BRDA:47,0,0,60
BRDA:47,0,1,0
BRDA:47,1,2,42
BRDA:47,1,3,18
BRDA:49,0,0,0
BRDA:49,0,1,60
BRDA:68,0,0,7
BRDA:68,0,1,1
BRDA:69,0,0,0
BRDA:69,0,1,1
BRDA:70,0,0,0
BRDA:70,0,1,1
BRDA:76,0,0,58
BRDA:76,0,1,6
BRDA:79,0,0,7
BRDA:79,0,1,51
BRDA:81,0,0,10
BRDA:81,0,1,41
BRDA:82,0,0,0
BRDA:82,0,1,10
BRDA:84,0,0,0
BRDA:84,0,1,10
BRDA:87,0,0,1
BRDA:87,0,1,9
BRDA:90,0,0,4
BRDA:90,0,1,5
BRDA:92,0,0,0
BRDA:92,0,1,4
BRDA:95,0,0,0
BRDA:95,0,1,9
BRDA:102,0,0,7
BRDA:102,0,1,34
BRDA:103,0,0,0
BRDA:103,0,1,7
BRDA:105,0,0,0
BRDA:105,0,1,7
BRDA:106,0,0,0
BRDA:106,0,1,7
BRDA:111,0,0,8
BRDA:111,0,1,26
BRDA:112,0,0,0
BRDA:112,0,1,8
BRDA:116,0,0,0
BRDA:116,0,1,8
BRDA:116,1,2,0
BRDA:116,1,3,8
BRDA:119,0,0,0
BRDA:119,0,1,8
BRDA:121,0,0,8
BRDA:121,0,1,18
BRDA:122,0,0,0
BRDA:122,0,1,8
BRDA:123,0,0,0
BRDA:123,0,1,8
BRDA:125,0,0,0
BRDA:125,0,1,8
BRDA:127,0,0,1
BRDA:127,0,1,7
BRDA:127,1,2,0
BRDA:127,1,3,1
BRDA:132,0,0,18
BRDA:132,0,1,0
BRDA:133,0,0,1
BRDA:133,0,1,17
BRDA:134,0,0,0
BRDA:134,0,1,17
BRDA:136,0,0,0
BRDA:136,0,1,17
BRDA:138,0,0,9
BRDA:138,0,1,8
BRDA:138,1,2,1
BRDA:138,1,3,8
BRDA:142,0,0,9
BRDA:142,0,1,7
BRDA:142,1,2,9
BRDA:142,1,3,0
BRDA:145,0,0,7
BRDA:145,0,1,2
BRDA:146,0,0,1
BRDA:146,0,1,1
BRDA:148,0,0,2
BRDA:148,0,1,7
BRDA:149,0,0,0
BRDA:149,0,1,2
BRDA:162,0,0,6
BRDA:162,0,1,0
BRDA:162,1,2,6
BRDA:162,1,3,0
BRDA:162,2,4,1
BRDA:162,2,5,5
BRDA:171,0,0,-
BRDA:171,0,1,-
BRF:116
BRH:84
LF:160
LH:145
end_of_record
SF:/home/runner/work/ottr/ottr/src/report.cpp
FN:80,_ZN4ottr17render_full_tableB5cxx11ERKNS_5WorldERKNS_11AggregationE
FN:132,_ZN4ottr23render_single_day_tableB5cxx11ERKNS_5WorldERKNS_11AggregationERKNS_4DateE
FN:24,report.cpp:_ZN4ottrL14compute_widthsERKNS_5WorldERKNS_11AggregationERSt3mapINSt7__cxx1112basic_stringIcSt11char_traitsIcESaIcEEEmSt4lessISC_ESaISt4pairIKSC_mEEERSt6vectorISC_SaISC_EE
FN:68,report.cpp:_ZN4ottrL10append_rowERNSt7__cxx1119basic_ostringstreamIcSt11char_traitsIcESaIcEEERKSt6vectorISt4pairINS0_12basic_stringIcS3_S4_EESA_ESaISB_EERKSt3mapISA_mSt4lessISA_ESaIS8_IKSA_mEEE
FN:10,report.cpp:_ZN4ottrL17sorted_charge_idsB5cxx11ERKNS_5WorldE
FN:18,report.cpp:_ZN4ottrL14ticks_to_fixedB5cxx11Ex
FNDA:1,_ZN4ottr17render_full_tableB5cxx11ERKNS_5WorldERKNS_11AggregationE
FNDA:1,_ZN4ottr23render_single_day_tableB5cxx11ERKNS_5WorldERKNS_11AggregationERKNS_4DateE
FNDA:1,report.cpp:_ZN4ottrL14compute_widthsERKNS_5WorldERKNS_11AggregationERSt3mapINSt7__cxx1112basic_stringIcSt11char_traitsIcESaIcEEEmSt4lessISC_ESaISt4pairIKSC_mEEERSt6vectorISC_SaISC_EE
FNDA:8,report.cpp:_ZN4ottrL10append_rowERNSt7__cxx1119basic_ostringstreamIcSt11char_traitsIcESaIcEEERKSt6vectorISt4pairINS0_12basic_stringIcS3_S4_EESA_ESaISB_EERKSt3mapISA_mSt4lessISA_ESaIS8_IKSA_mEEE
FNDA:3,report.cpp:_ZN4ottrL17sorted_charge_idsB5cxx11ERKNS_5WorldE
FNDA:21,report.cpp:_ZN4ottrL14ticks_to_fixedB5cxx11Ex
FNF:6
FNH:6
DA:10,3
DA:11,3
DA:12,3
DA:13,6
DA:14,3
DA:15,3
DA:16,3
DA:18,21
DA:19,21
DA:20,21
DA:21,21
DA:22,21
DA:24,1
DA:25,1
DA:26,1
DA:27,1
DA:28,1
DA:29,1
DA:30,4
DA:32,1
DA:33,2
DA:34,2
DA:35,2
DA:36,2
DA:37,2
DA:38,2
DA:39,2
DA:40,2
DA:41,2
DA:42,2
DA:43,2
DA:44,2
DA:45,2
DA:46,2
DA:47,2
DA:48,2
DA:50,2
DA:51,2
DA:52,2
DA:53,2
DA:54,2
DA:55,2
DA:56,2
DA:59,1
DA:60,1
DA:61,1
DA:62,1
DA:63,1
DA:64,2
DA:65,1
DA:66,1
DA:68,8
DA:69,8
DA:70,24
DA:71,24
DA:72,24
DA:73,24
DA:74,24
DA:75,24
DA:76,24
DA:77,8
DA:78,8
DA:80,1
DA:81,1
DA:82,1
DA:83,1
DA:84,1
DA:86,1
DA:87,4
DA:88,1
DA:90,1
DA:91,2
DA:92,2
DA:93,2
DA:94,2
DA:95,2
DA:96,2
DA:97,2
DA:98,2
DA:99,2
DA:100,2
DA:101,2
DA:102,2
DA:103,2
DA:104,2
DA:105,2
DA:106,2
DA:107,2
DA:108,2
DA:109,2
DA:110,2
DA:111,0
DA:112,0
DA:113,2
DA:114,2
DA:117,1
DA:118,1
DA:119,1
DA:120,1
DA:121,1
DA:122,1
DA:123,1
DA:124,1
DA:125,1
DA:126,1
DA:127,1
DA:129,1
DA:130,1
DA:132,1
DA:133,1
DA:134,1
DA:135,1
DA:136,1
DA:138,1
DA:139,1
DA:140,2
DA:141,2
DA:142,2
DA:143,2
DA:144,2
DA:145,2
DA:146,2
DA:147,2
DA:148,2
DA:149,2
DA:150,2
DA:153,1
DA:155,2
DA:156,2
DA:157,2
DA:158,2
DA:159,2
DA:160,2
DA:161,2
DA:162,2
DA:163,2
DA:165,1
DA:167,1
DA:168,1
BRDA:13,0,0,6
BRDA:13,0,1,3
BRDA:27,0,0,1
BRDA:27,0,1,1
BRDA:30,0,0,4
BRDA:30,0,1,1
BRDA:33,0,0,2
BRDA:33,0,1,1
BRDA:36,0,0,2
BRDA:36,0,1,2
BRDA:39,0,0,2
BRDA:39,0,1,0
BRDA:41,0,0,2
BRDA:41,0,1,0
BRDA:51,0,0,2
BRDA:51,0,1,0
BRDA:59,0,0,1
BRDA:59,0,1,1
BRDA:60,0,0,1
BRDA:60,0,1,0
BRDA:64,0,0,2
BRDA:64,0,1,1
BRDA:70,0,0,24
BRDA:70,0,1,8
BRDA:75,0,0,16
BRDA:75,0,1,8
BRDA:87,0,0,4
BRDA:87,0,1,1
BRDA:91,0,0,2
BRDA:91,0,1,1
BRDA:95,0,0,2
BRDA:95,0,1,2
BRDA:98,0,0,2
BRDA:98,0,1,0
BRDA:100,0,0,2
BRDA:100,0,1,0
BRDA:107,0,0,2
BRDA:107,0,1,0
BRDA:120,0,0,1
BRDA:120,0,1,1
BRDA:121,0,0,1
BRDA:121,0,1,0
BRDA:140,0,0,2
BRDA:140,0,1,1
BRDA:144,0,0,2
BRDA:144,0,1,0
BRDA:146,0,0,2
BRDA:146,0,1,0
BRDA:155,0,0,2
BRDA:155,0,1,1
BRDA:158,0,0,2
BRDA:158,0,1,0
BRDA:160,0,0,2
BRDA:160,0,1,0
BRF:54
BRH:42
LF:139
LH:137
end_of_record
SF:/home/runner/work/ottr/ottr/src/util.cpp
FN:8,_ZN4ottr10parse_mmddERKNSt7__cxx1112basic_stringIcSt11char_traitsIcESaIcEEERNS_4DateE
FN:27,_ZN4ottr16try_parse_doubleERKNSt7__cxx1112basic_stringIcSt11char_traitsIcESaIcEEERd
FN:33,_ZN4ottr12try_parse_llERKNSt7__cxx1112basic_stringIcSt11char_traitsIcESaIcEEERx
FNDA:11,_ZN4ottr10parse_mmddERKNSt7__cxx1112basic_stringIcSt11char_traitsIcESaIcEEERNS_4DateE
FNDA:27,_ZN4ottr16try_parse_doubleERKNSt7__cxx1112basic_stringIcSt11char_traitsIcESaIcEEERd
FNDA:12,_ZN4ottr12try_parse_llERKNSt7__cxx1112basic_stringIcSt11char_traitsIcESaIcEEERx
FNF:3
FNH:3
DA:8,11
DA:10,11
DA:11,11
DA:12,11
DA:13,10
DA:14,10
DA:15,10
DA:16,20
DA:17,20
DA:18,10
DA:19,10
DA:20,10
DA:21,9
DA:22,9
DA:23,9
DA:24,9
DA:25,9
DA:27,27
DA:28,27
DA:29,27
DA:30,27
DA:31,27
DA:33,12
DA:34,12
DA:35,12
DA:36,12
DA:37,12
BRDA:12,0,0,1
BRDA:12,0,1,10
BRDA:15,0,0,0
BRDA:15,0,1,10
BRDA:15,1,2,0
BRDA:15,1,3,10
BRDA:16,0,0,20
BRDA:16,0,1,10
BRDA:16,1,2,0
BRDA:16,1,3,20
BRDA:17,0,0,20
BRDA:17,0,1,10
BRDA:17,1,2,0
BRDA:17,1,3,20
BRDA:20,0,0,0
BRDA:20,0,1,10
BRDA:20,1,2,1
BRDA:20,1,3,9
BRDA:21,0,0,0
BRDA:21,0,1,9
BRDA:21,1,2,0
BRDA:21,1,3,9
BRDA:30,0,0,27
BRDA:30,0,1,0
BRDA:30,1,2,26
BRDA:30,1,3,1
BRDA:36,0,0,12
BRDA:36,0,1,0
BRDA:36,1,2,12
BRDA:36,1,3,0
BRF:30
BRH:20
LF:27
LH:27
end_of_record
SF:/home/runner/work/ottr/ottr/src/util.hpp
FN:12,_ZN4ottr14hours_to_ticksEd
FNDA:31,_ZN4ottr14hours_to_ticksEd
FNF:1
FNH:1
DA:12,31
DA:14,31
DA:15,31
DA:16,31
DA:17,31
BRF:0
BRH:0
LF:5
LH:5
end_of_record
SF:/home/runner/work/ottr/ottr/src/validate.cpp
FN:12,_ZN4ottr14validate_worldERKNSt7__cxx1112basic_stringIcSt11char_traitsIcESaIcEEERKNS_5WorldE
FN:7,validate.cpp:_ZN4ottrL10append_errERNSt7__cxx1119basic_ostringstreamIcSt11char_traitsIcESaIcEEERKNS0_12basic_stringIcS3_S4_EEiSA_
FNDA:4,_ZN4ottr14validate_worldERKNSt7__cxx1112basic_stringIcSt11char_traitsIcESaIcEEERKNS_5WorldE
FNDA:1,validate.cpp:_ZN4ottrL10append_errERNSt7__cxx1119basic_ostringstreamIcSt11char_traitsIcESaIcEEERKNS0_12basic_stringIcS3_S4_EEiSA_
FNF:2
FNH:2
DA:7,1
DA:8,1
DA:9,1
DA:10,1
DA:12,4
DA:13,4
DA:16,5
DA:17,6
DA:18,6
DA:19,1
DA:20,1
DA:21,6
DA:22,5
DA:25,5
DA:26,5
DA:27,0
DA:28,0
DA:29,5
DA:30,0
DA:31,0
DA:33,12
DA:34,12
DA:35,6
DA:36,6
DA:37,6
DA:38,6
DA:39,0
DA:40,0
DA:41,6
DA:42,1
DA:43,0
DA:44,0
DA:45,1
DA:46,12
DA:47,5
DA:49,4
DA:50,4
BRDA:8,0,0,0
BRDA:8,0,1,1
BRDA:16,0,0,5
BRDA:16,0,1,4
BRDA:17,0,0,6
BRDA:17,0,1,5
BRDA:18,0,0,1
BRDA:18,0,1,5
BRDA:25,0,0,5
BRDA:25,0,1,4
BRDA:26,0,0,0
BRDA:26,0,1,5
BRDA:29,0,0,5
BRDA:29,0,1,0
BRDA:29,1,2,0
BRDA:29,1,3,5
BRDA:33,0,0,12
BRDA:33,0,1,5
BRDA:34,0,0,6
BRDA:34,0,1,6
BRDA:38,0,0,0
BRDA:38,0,1,6
BRDA:38,1,2,-
BRDA:38,1,3,-
BRDA:38,2,4,-
BRDA:38,2,5,-
BRDA:41,0,0,1
BRDA:41,0,1,5
BRDA:42,0,0,0
BRDA:42,0,1,1
BRF:30
BRH:20
LF:37
LH:29
end_of_record
SF:/home/runner/work/ottr/ottr/tests/test_allocator.cpp
FN:11,_ZN36Allocator_ExactSplitNoRemainder_Test8TestBodyEv
FN:24,_ZN58Allocator_RemainderPriorityThenBudgetThenFracThenLexi_Test8TestBodyEv
FN:6,test_allocator.cpp:_ZL9get_ticksRKSt6vectorIN4ottr21AllocationResultEntryESaIS1_EERKNSt7__cxx1112basic_stringIcSt11char_traitsIcESaIcEEE
FNDA:1,_ZN36Allocator_ExactSplitNoRemainder_Test8TestBodyEv
FNDA:1,_ZN58Allocator_RemainderPriorityThenBudgetThenFracThenLexi_Test8TestBodyEv
FNDA:10,test_allocator.cpp:_ZL9get_ticksRKSt6vectorIN4ottr21AllocationResultEntryESaIS1_EERKNSt7__cxx1112basic_stringIcSt11char_traitsIcESaIcEEE
FNF:3
FNH:3
DA:6,10
DA:7,15
DA:8,0
DA:9,10
DA:11,1
DA:12,1
DA:13,1
DA:14,1
DA:15,1
DA:16,1
DA:17,1
DA:18,1
DA:19,1
DA:20,1
DA:21,1
DA:22,1
DA:24,1
DA:26,1
DA:27,1
DA:28,1
DA:29,1
DA:30,1
DA:31,1
DA:32,1
DA:33,1
DA:34,1
DA:37,1
DA:38,1
DA:39,1
DA:40,1
DA:41,1
DA:42,1
DA:43,1
DA:47,1
DA:48,1
DA:49,1
DA:50,1
DA:51,1
DA:52,1
DA:53,1
DA:56,1
DA:57,1
DA:58,1
DA:59,1
DA:60,1
DA:61,1
DA:62,1
DA:63,1
BRDA:7,0,0,15
BRDA:7,0,1,0
BRDA:7,1,2,10
BRDA:7,1,3,5
BRF:4
BRH:3
LF:48
LH:47
end_of_record
SF:/home/runner/work/ottr/ottr/tests/test_engine_report.cpp
FN:11,_ZN44Engine_DirectAndTaskAllocationAndFilter_Test8TestBodyEv
FN:41,_ZN34Report_FullAndSingleDayTables_Test8TestBodyEv
FN:75,_ZN37Smoke_DemoTimecardInMemoryParses_Test8TestBodyEv
FNDA:1,_ZN44Engine_DirectAndTaskAllocationAndFilter_Test8TestBodyEv
FNDA:1,_ZN34Report_FullAndSingleDayTables_Test8TestBodyEv
FNDA:1,_ZN37Smoke_DemoTimecardInMemoryParses_Test8TestBodyEv
FNF:3
FNH:3
DA:11,1
DA:12,1
DA:13,1
DA:14,1
DA:15,1
DA:16,1
DA:17,1
DA:18,1
DA:19,1
DA:20,1
DA:21,1
DA:22,1
DA:23,1
DA:24,1
DA:25,1
DA:26,2
DA:27,1
DA:29,1
DA:30,1
DA:31,1
DA:32,1
DA:34,1
DA:35,1
DA:37,1
DA:38,1
DA:39,1
DA:41,1
DA:42,1
DA:43,1
DA:44,1
DA:45,1
DA:46,1
DA:47,1
DA:48,1
DA:49,1
DA:50,1
DA:51,1
DA:52,2
DA:53,1
DA:55,1
DA:56,1
DA:58,1
DA:59,1
DA:60,1
DA:61,1
DA:62,1
DA:63,1
DA:64,1
DA:66,1
DA:67,1
DA:68,1
DA:69,1
DA:70,1
DA:71,1
DA:72,1
DA:73,1
DA:75,1
DA:77,1
DA:78,1
DA:79,1
DA:80,1
DA:81,1
DA:82,1
DA:83,1
DA:84,1
DA:85,1
DA:86,1
DA:87,1
DA:88,1
DA:89,1
DA:90,1
DA:91,1
DA:92,1
DA:93,1
DA:94,1
DA:96,1
DA:97,2
DA:98,1
DA:99,1
BRF:0
BRH:0
LF:79
LH:79
end_of_record
SF:/home/runner/work/ottr/ottr/tests/test_parser_validator.cpp
FN:10,_ZN21Parser_HappyPath_Test8TestBodyEv
FN:32,_ZN18Parser_Errors_Test8TestBodyEv
FN:59,_ZN26Validator_UnknownRefs_Test8TestBodyEv
FNDA:1,_ZN21Parser_HappyPath_Test8TestBodyEv
FNDA:1,_ZN18Parser_Errors_Test8TestBodyEv
FNDA:1,_ZN26Validator_UnknownRefs_Test8TestBodyEv
FNF:3
FNH:3
DA:10,1
DA:11,1
DA:12,1
DA:13,1
DA:14,1
DA:15,1
DA:16,1
DA:17,1
DA:18,1
DA:19,1
DA:20,1
DA:21,1
DA:22,2
DA:23,1
DA:24,1
DA:25,1
DA:26,1
DA:27,1
DA:28,1
DA:29,1
DA:30,1
DA:32,1
DA:33,1
DA:34,1
DA:35,1
DA:36,1
DA:37,1
DA:38,1
DA:39,1
DA:40,1
DA:41,1
DA:42,1
DA:43,1
DA:44,1
DA:45,1
DA:46,1
DA:47,1
DA:48,1
DA:49,1
DA:50,1
DA:51,1
DA:52,1
DA:53,1
DA:54,1
DA:55,1
DA:56,1
DA:57,1
DA:59,1
DA:60,1
DA:61,1
DA:62,1
DA:63,1
DA:64,1
DA:65,1
DA:66,1
DA:67,1
DA:68,1
DA:69,1
DA:70,1
DA:71,1
BRF:0
BRH:0
LF:60
LH:60
end_of_record
SF:/home/runner/work/ottr/ottr/tests/test_utils_and_tokenizer.cpp
FN:7,_ZN23Utils_HoursToTicks_Test8TestBodyEv
FN:15,_ZN20Utils_ParseMMDD_Test8TestBodyEv
FN:23,_ZN42Tokenizer_QuotedAndEscapesAndComments_Test8TestBodyEv
FNDA:1,_ZN23Utils_HoursToTicks_Test8TestBodyEv
FNDA:1,_ZN20Utils_ParseMMDD_Test8TestBodyEv
FNDA:1,_ZN42Tokenizer_QuotedAndEscapesAndComments_Test8TestBodyEv
FNF:3
FNH:3
DA:7,1
DA:8,1
DA:9,1
DA:10,1
DA:11,1
DA:12,1
DA:13,1
DA:15,1
DA:16,1
DA:17,1
DA:18,1
DA:19,1
DA:20,1
DA:21,1
DA:23,1
DA:24,1
DA:25,1
DA:26,1
DA:27,1
DA:28,1
DA:30,1
DA:31,1
DA:32,1
DA:33,1
DA:34,1
BRF:0
BRH:0
LF:25
LH:25
end_of_record
